2019-01-14 09:24:40.553 logback [restartedMain] INFO  c.e.f.FlowableactivityApplication - Starting FlowableactivityApplication on DESKTOP-UQ7FIHQ with PID 7124 (D:\gongzuoxiangmu\flowable\flowableactivity\target\classes started by TUSHIXIAN in D:\gongzuoxiangmu\flowable\flowableactivity)
2019-01-14 09:24:40.571 logback [restartedMain] INFO  c.e.f.FlowableactivityApplication - No active profile set, falling back to default profiles: default
2019-01-14 09:24:40.884 logback [restartedMain] INFO  o.s.b.d.e.DevToolsPropertyDefaultsPostProcessor - Devtools property defaults active! Set 'spring.devtools.add-properties' to 'false' to disable
2019-01-14 09:24:40.884 logback [restartedMain] INFO  o.s.b.d.e.DevToolsPropertyDefaultsPostProcessor - For additional web related logging consider setting the 'logging.level.web' property to 'DEBUG'
2019-01-14 09:24:44.447 logback [restartedMain] INFO  o.s.c.s.PostProcessorRegistrationDelegate$BeanPostProcessorChecker - Bean 'org.springframework.transaction.annotation.ProxyTransactionManagementConfiguration' of type [org.springframework.transaction.annotation.ProxyTransactionManagementConfiguration$$EnhancerBySpringCGLIB$$fd8d8d62] is not eligible for getting processed by all BeanPostProcessors (for example: not eligible for auto-proxying)
2019-01-14 09:24:45.509 logback [restartedMain] INFO  o.s.b.w.e.tomcat.TomcatWebServer - Tomcat initialized with port(s): 8081 (http)
2019-01-14 09:24:45.528 logback [restartedMain] INFO  o.a.coyote.http11.Http11NioProtocol - Initializing ProtocolHandler ["http-nio-8081"]
2019-01-14 09:24:45.543 logback [restartedMain] INFO  o.a.catalina.core.StandardService - Starting service [Tomcat]
2019-01-14 09:24:45.543 logback [restartedMain] INFO  o.a.catalina.core.StandardEngine - Starting Servlet Engine: Apache Tomcat/9.0.13
2019-01-14 09:24:45.556 logback [restartedMain] INFO  o.a.c.core.AprLifecycleListener - The APR based Apache Tomcat Native library which allows optimal performance in production environments was not found on the java.library.path: [D:\jdk8.0\bin;C:\WINDOWS\Sun\Java\bin;C:\WINDOWS\system32;C:\WINDOWS;C:\Program Files (x86)\Common Files\Oracle\Java\javapath;C:\WINDOWS\system32;C:\WINDOWS;C:\WINDOWS\System32\Wbem;C:\WINDOWS\System32\WindowsPowerShell\v1.0\;C:\WINDOWS\System32\OpenSSH\;D:\jdk8.0\bin;D:\svn\bin;D:\maven\apache-maven-3.6.0-bin\apache-maven-3.6.0\bin;D:\Git\cmd;D:\mysql\mysql-8.0.13-winx64\mysql-8.0.13-winx64\bin;D:\erlong\erl10.2\bin;C:\Users\TUSHIXIAN\AppData\Local\Microsoft\WindowsApps;;.]
2019-01-14 09:24:45.851 logback [restartedMain] INFO  o.a.c.c.C.[Tomcat].[localhost].[/] - Initializing Spring embedded WebApplicationContext
2019-01-14 09:24:45.852 logback [restartedMain] INFO  o.s.web.context.ContextLoader - Root WebApplicationContext: initialization completed in 4967 ms
2019-01-14 09:24:46.540 logback [restartedMain] INFO  o.f.s.b.ProcessEngineAutoConfiguration$$EnhancerBySpringCGLIB$$401cab4 - No deployment resources were found for autodeployment
2019-01-14 09:24:46.564 logback [restartedMain] INFO  o.s.s.c.ThreadPoolTaskExecutor - Initializing ExecutorService 'applicationTaskExecutor'
2019-01-14 09:24:47.019 logback [restartedMain] INFO  o.f.c.e.i.AbstractEngineConfiguration - Found 1 Engine Configurators in total:
2019-01-14 09:24:47.022 logback [restartedMain] INFO  o.f.c.e.i.AbstractEngineConfiguration - class org.flowable.idm.engine.configurator.IdmEngineConfigurator (priority:100000)
2019-01-14 09:24:47.023 logback [restartedMain] INFO  o.f.c.e.i.AbstractEngineConfiguration - Executing beforeInit() of class org.flowable.idm.engine.configurator.IdmEngineConfigurator (priority:100000)
2019-01-14 09:24:47.174 logback [restartedMain] INFO  com.zaxxer.hikari.HikariDataSource - HikariPool-1 - Starting...
2019-01-14 09:24:47.442 logback [restartedMain] INFO  com.zaxxer.hikari.HikariDataSource - HikariPool-1 - Start completed.
2019-01-14 09:24:49.082 logback [restartedMain] INFO  o.f.c.e.i.AbstractEngineConfiguration - Executing configure() of class org.flowable.idm.engine.configurator.IdmEngineConfigurator (priority:100000)
2019-01-14 09:24:49.192 logback [restartedMain] INFO  o.f.idm.engine.impl.IdmEngineImpl - IdmEngine default created
2019-01-14 09:24:49.274 logback [restartedMain] INFO  o.f.engine.impl.ProcessEngineImpl - ProcessEngine default created
2019-01-14 09:24:49.319 logback [restartedMain] INFO  o.f.e.impl.cmd.ValidateV5EntitiesCmd - Total of v5 deployments found: 0
2019-01-14 09:24:50.500 logback [restartedMain] INFO  o.s.b.a.e.web.EndpointLinksResolver - Exposing 2 endpoint(s) beneath base path '/actuator'
2019-01-14 09:24:50.651 logback [restartedMain] INFO  s.d.s.w.PropertySourcedRequestMappingHandlerMapping - Mapped URL path [/v2/api-docs] onto method [public org.springframework.http.ResponseEntity<springfox.documentation.spring.web.json.Json> springfox.documentation.swagger2.web.Swagger2Controller.getDocumentation(java.lang.String,javax.servlet.http.HttpServletRequest)]
2019-01-14 09:24:51.081 logback [restartedMain] INFO  o.s.b.d.a.OptionalLiveReloadServer - LiveReload server is running on port 35729
2019-01-14 09:24:51.235 logback [restartedMain] WARN  o.s.b.a.t.ThymeleafAutoConfiguration$DefaultTemplateResolverConfiguration - Cannot find template location: classpath:/templates/ (please add some templates or check your Thymeleaf configuration)
2019-01-14 09:24:51.594 logback [restartedMain] WARN  o.s.b.a.f.FreeMarkerAutoConfiguration - Cannot find template location(s): [classpath:/templates/] (please add some templates, check your FreeMarker configuration, or set spring.freemarker.checkTemplateLocation=false)
2019-01-14 09:24:51.781 logback [restartedMain] INFO  s.d.s.w.p.DocumentationPluginsBootstrapper - Context refreshed
2019-01-14 09:24:51.803 logback [restartedMain] INFO  s.d.s.w.p.DocumentationPluginsBootstrapper - Found 1 custom documentation plugin(s)
2019-01-14 09:24:51.877 logback [restartedMain] INFO  s.d.s.w.s.ApiListingReferenceScanner - Scanning for api listing references
2019-01-14 09:24:52.299 logback [restartedMain] INFO  o.a.coyote.http11.Http11NioProtocol - Starting ProtocolHandler ["http-nio-8081"]
2019-01-14 09:24:52.325 logback [restartedMain] INFO  o.a.tomcat.util.net.NioSelectorPool - Using a shared selector for servlet write/read
2019-01-14 09:24:52.363 logback [restartedMain] INFO  o.s.b.w.e.tomcat.TomcatWebServer - Tomcat started on port(s): 8081 (http) with context path ''
2019-01-14 09:24:52.370 logback [restartedMain] INFO  c.e.f.FlowableactivityApplication - Started FlowableactivityApplication in 12.936 seconds (JVM running for 19.898)
2019-01-14 09:24:52.967 logback [RMI TCP Connection(4)-127.0.0.1] INFO  o.a.c.c.C.[Tomcat].[localhost].[/] - Initializing Spring DispatcherServlet 'dispatcherServlet'
2019-01-14 09:24:52.967 logback [RMI TCP Connection(4)-127.0.0.1] INFO  o.s.web.servlet.DispatcherServlet - Initializing Servlet 'dispatcherServlet'
2019-01-14 09:24:52.992 logback [RMI TCP Connection(4)-127.0.0.1] INFO  o.s.web.servlet.DispatcherServlet - Completed initialization in 24 ms
2019-01-14 09:24:53.008 logback [RMI TCP Connection(4)-127.0.0.1] INFO  o.a.c.c.C.[Tomcat].[localhost].[/] - Initializing Spring DispatcherServlet 'Flowable BPMN Rest API'
2019-01-14 09:24:53.008 logback [RMI TCP Connection(4)-127.0.0.1] INFO  o.s.web.servlet.DispatcherServlet - Initializing Servlet 'Flowable BPMN Rest API'
2019-01-14 09:24:57.002 logback [RMI TCP Connection(4)-127.0.0.1] INFO  o.s.web.servlet.DispatcherServlet - Completed initialization in 3994 ms
2019-01-14 12:33:59.132 logback [HikariPool-1 housekeeper] WARN  com.zaxxer.hikari.pool.HikariPool - HikariPool-1 - Thread starvation or clock leap detected (housekeeper delta=3m7s292ms42µs26ns).
2019-01-14 13:29:59.124 logback [Thread-40] INFO  o.s.s.c.ThreadPoolTaskExecutor - Shutting down ExecutorService 'applicationTaskExecutor'
2019-01-14 13:29:59.129 logback [Thread-40] INFO  com.zaxxer.hikari.HikariDataSource - HikariPool-1 - Shutdown initiated...
2019-01-14 13:29:59.172 logback [Thread-40] INFO  com.zaxxer.hikari.HikariDataSource - HikariPool-1 - Shutdown completed.
2019-01-14 13:30:15.897 logback [restartedMain] INFO  c.e.f.FlowableactivityApplication - Starting FlowableactivityApplication on DESKTOP-UQ7FIHQ with PID 15408 (D:\gongzuoxiangmu\flowable\flowableactivity\target\classes started by TUSHIXIAN in D:\gongzuoxiangmu\flowable\flowableactivity)
2019-01-14 13:30:15.905 logback [restartedMain] INFO  c.e.f.FlowableactivityApplication - No active profile set, falling back to default profiles: default
2019-01-14 13:30:16.137 logback [restartedMain] INFO  o.s.b.d.e.DevToolsPropertyDefaultsPostProcessor - Devtools property defaults active! Set 'spring.devtools.add-properties' to 'false' to disable
2019-01-14 13:30:16.138 logback [restartedMain] INFO  o.s.b.d.e.DevToolsPropertyDefaultsPostProcessor - For additional web related logging consider setting the 'logging.level.web' property to 'DEBUG'
2019-01-14 13:30:20.797 logback [restartedMain] INFO  o.s.c.s.PostProcessorRegistrationDelegate$BeanPostProcessorChecker - Bean 'org.springframework.transaction.annotation.ProxyTransactionManagementConfiguration' of type [org.springframework.transaction.annotation.ProxyTransactionManagementConfiguration$$EnhancerBySpringCGLIB$$dc6f919c] is not eligible for getting processed by all BeanPostProcessors (for example: not eligible for auto-proxying)
2019-01-14 13:30:21.825 logback [restartedMain] INFO  o.s.b.w.e.tomcat.TomcatWebServer - Tomcat initialized with port(s): 8081 (http)
2019-01-14 13:30:21.855 logback [restartedMain] INFO  o.a.coyote.http11.Http11NioProtocol - Initializing ProtocolHandler ["http-nio-8081"]
2019-01-14 13:30:21.872 logback [restartedMain] INFO  o.a.catalina.core.StandardService - Starting service [Tomcat]
2019-01-14 13:30:21.872 logback [restartedMain] INFO  o.a.catalina.core.StandardEngine - Starting Servlet Engine: Apache Tomcat/9.0.13
2019-01-14 13:30:21.886 logback [restartedMain] INFO  o.a.c.core.AprLifecycleListener - The APR based Apache Tomcat Native library which allows optimal performance in production environments was not found on the java.library.path: [D:\jdk8.0\bin;C:\WINDOWS\Sun\Java\bin;C:\WINDOWS\system32;C:\WINDOWS;C:\Program Files (x86)\Common Files\Oracle\Java\javapath;C:\WINDOWS\system32;C:\WINDOWS;C:\WINDOWS\System32\Wbem;C:\WINDOWS\System32\WindowsPowerShell\v1.0\;C:\WINDOWS\System32\OpenSSH\;D:\jdk8.0\bin;D:\svn\bin;D:\maven\apache-maven-3.6.0-bin\apache-maven-3.6.0\bin;D:\Git\cmd;D:\mysql\mysql-8.0.13-winx64\mysql-8.0.13-winx64\bin;D:\erlong\erl10.2\bin;C:\Users\TUSHIXIAN\AppData\Local\Microsoft\WindowsApps;;.]
2019-01-14 13:30:22.252 logback [restartedMain] INFO  o.a.c.c.C.[Tomcat].[localhost].[/] - Initializing Spring embedded WebApplicationContext
2019-01-14 13:30:22.252 logback [restartedMain] INFO  o.s.web.context.ContextLoader - Root WebApplicationContext: initialization completed in 6114 ms
2019-01-14 13:30:22.942 logback [restartedMain] INFO  o.f.s.b.ProcessEngineAutoConfiguration$$EnhancerBySpringCGLIB$$e2e3ceee - No deployment resources were found for autodeployment
2019-01-14 13:30:22.969 logback [restartedMain] INFO  o.s.s.c.ThreadPoolTaskExecutor - Initializing ExecutorService 'applicationTaskExecutor'
2019-01-14 13:30:23.518 logback [restartedMain] INFO  o.f.c.e.i.AbstractEngineConfiguration - Found 1 Engine Configurators in total:
2019-01-14 13:30:23.522 logback [restartedMain] INFO  o.f.c.e.i.AbstractEngineConfiguration - class org.flowable.idm.engine.configurator.IdmEngineConfigurator (priority:100000)
2019-01-14 13:30:23.522 logback [restartedMain] INFO  o.f.c.e.i.AbstractEngineConfiguration - Executing beforeInit() of class org.flowable.idm.engine.configurator.IdmEngineConfigurator (priority:100000)
2019-01-14 13:30:23.756 logback [restartedMain] INFO  com.zaxxer.hikari.HikariDataSource - HikariPool-1 - Starting...
2019-01-14 13:30:24.095 logback [restartedMain] INFO  com.zaxxer.hikari.HikariDataSource - HikariPool-1 - Start completed.
2019-01-14 13:30:26.374 logback [restartedMain] INFO  o.f.c.e.i.AbstractEngineConfiguration - Executing configure() of class org.flowable.idm.engine.configurator.IdmEngineConfigurator (priority:100000)
2019-01-14 13:30:27.097 logback [restartedMain] INFO  o.f.idm.engine.impl.IdmEngineImpl - IdmEngine default created
2019-01-14 13:30:27.240 logback [restartedMain] INFO  o.f.engine.impl.ProcessEngineImpl - ProcessEngine default created
2019-01-14 13:30:27.341 logback [restartedMain] INFO  o.f.e.impl.cmd.ValidateV5EntitiesCmd - Total of v5 deployments found: 0
2019-01-14 13:30:28.927 logback [restartedMain] INFO  o.s.b.a.e.web.EndpointLinksResolver - Exposing 2 endpoint(s) beneath base path '/actuator'
2019-01-14 13:30:29.070 logback [restartedMain] INFO  s.d.s.w.PropertySourcedRequestMappingHandlerMapping - Mapped URL path [/v2/api-docs] onto method [public org.springframework.http.ResponseEntity<springfox.documentation.spring.web.json.Json> springfox.documentation.swagger2.web.Swagger2Controller.getDocumentation(java.lang.String,javax.servlet.http.HttpServletRequest)]
2019-01-14 13:30:29.362 logback [restartedMain] INFO  o.s.b.d.a.OptionalLiveReloadServer - LiveReload server is running on port 35729
2019-01-14 13:30:29.520 logback [restartedMain] WARN  o.s.b.a.t.ThymeleafAutoConfiguration$DefaultTemplateResolverConfiguration - Cannot find template location: classpath:/templates/ (please add some templates or check your Thymeleaf configuration)
2019-01-14 13:30:29.881 logback [restartedMain] WARN  o.s.b.a.f.FreeMarkerAutoConfiguration - Cannot find template location(s): [classpath:/templates/] (please add some templates, check your FreeMarker configuration, or set spring.freemarker.checkTemplateLocation=false)
2019-01-14 13:30:30.079 logback [restartedMain] INFO  s.d.s.w.p.DocumentationPluginsBootstrapper - Context refreshed
2019-01-14 13:30:30.116 logback [restartedMain] INFO  s.d.s.w.p.DocumentationPluginsBootstrapper - Found 1 custom documentation plugin(s)
2019-01-14 13:30:30.205 logback [restartedMain] INFO  s.d.s.w.s.ApiListingReferenceScanner - Scanning for api listing references
2019-01-14 13:30:30.709 logback [restartedMain] INFO  o.a.coyote.http11.Http11NioProtocol - Starting ProtocolHandler ["http-nio-8081"]
2019-01-14 13:30:30.733 logback [restartedMain] INFO  o.a.tomcat.util.net.NioSelectorPool - Using a shared selector for servlet write/read
2019-01-14 13:30:30.767 logback [restartedMain] INFO  o.s.b.w.e.tomcat.TomcatWebServer - Tomcat started on port(s): 8081 (http) with context path ''
2019-01-14 13:30:30.772 logback [restartedMain] INFO  c.e.f.FlowableactivityApplication - Started FlowableactivityApplication in 16.168 seconds (JVM running for 19.645)
2019-01-14 13:30:31.280 logback [RMI TCP Connection(4)-127.0.0.1] INFO  o.a.c.c.C.[Tomcat].[localhost].[/] - Initializing Spring DispatcherServlet 'dispatcherServlet'
2019-01-14 13:30:31.280 logback [RMI TCP Connection(4)-127.0.0.1] INFO  o.s.web.servlet.DispatcherServlet - Initializing Servlet 'dispatcherServlet'
2019-01-14 13:30:31.298 logback [RMI TCP Connection(4)-127.0.0.1] INFO  o.s.web.servlet.DispatcherServlet - Completed initialization in 18 ms
2019-01-14 13:30:31.311 logback [RMI TCP Connection(4)-127.0.0.1] INFO  o.a.c.c.C.[Tomcat].[localhost].[/] - Initializing Spring DispatcherServlet 'Flowable BPMN Rest API'
2019-01-14 13:30:31.311 logback [RMI TCP Connection(4)-127.0.0.1] INFO  o.s.web.servlet.DispatcherServlet - Initializing Servlet 'Flowable BPMN Rest API'
2019-01-14 13:30:33.390 logback [RMI TCP Connection(4)-127.0.0.1] INFO  o.s.web.servlet.DispatcherServlet - Completed initialization in 2078 ms
2019-01-14 13:31:54.763 logback [http-nio-8081-exec-5] WARN  o.s.w.s.m.m.a.ExceptionHandlerExceptionResolver - Resolved [java.lang.RuntimeException: 启动流程失败]
2019-01-14 13:33:13.919 logback [Thread-45] INFO  o.s.s.c.ThreadPoolTaskExecutor - Shutting down ExecutorService 'applicationTaskExecutor'
2019-01-14 13:33:13.921 logback [Thread-45] INFO  com.zaxxer.hikari.HikariDataSource - HikariPool-1 - Shutdown initiated...
2019-01-14 13:33:14.036 logback [Thread-45] INFO  com.zaxxer.hikari.HikariDataSource - HikariPool-1 - Shutdown completed.
2019-01-14 13:33:24.815 logback [restartedMain] INFO  c.e.f.FlowableactivityApplication - Starting FlowableactivityApplication on DESKTOP-UQ7FIHQ with PID 5480 (D:\gongzuoxiangmu\flowable\flowableactivity\target\classes started by TUSHIXIAN in D:\gongzuoxiangmu\flowable\flowableactivity)
2019-01-14 13:33:24.841 logback [restartedMain] INFO  c.e.f.FlowableactivityApplication - No active profile set, falling back to default profiles: default
2019-01-14 13:33:25.020 logback [restartedMain] INFO  o.s.b.d.e.DevToolsPropertyDefaultsPostProcessor - Devtools property defaults active! Set 'spring.devtools.add-properties' to 'false' to disable
2019-01-14 13:33:25.020 logback [restartedMain] INFO  o.s.b.d.e.DevToolsPropertyDefaultsPostProcessor - For additional web related logging consider setting the 'logging.level.web' property to 'DEBUG'
2019-01-14 13:33:29.531 logback [restartedMain] INFO  o.s.c.s.PostProcessorRegistrationDelegate$BeanPostProcessorChecker - Bean 'org.springframework.transaction.annotation.ProxyTransactionManagementConfiguration' of type [org.springframework.transaction.annotation.ProxyTransactionManagementConfiguration$$EnhancerBySpringCGLIB$$1c33fb9] is not eligible for getting processed by all BeanPostProcessors (for example: not eligible for auto-proxying)
2019-01-14 13:33:30.405 logback [restartedMain] INFO  o.s.b.w.e.tomcat.TomcatWebServer - Tomcat initialized with port(s): 8081 (http)
2019-01-14 13:33:30.424 logback [restartedMain] INFO  o.a.coyote.http11.Http11NioProtocol - Initializing ProtocolHandler ["http-nio-8081"]
2019-01-14 13:33:30.438 logback [restartedMain] INFO  o.a.catalina.core.StandardService - Starting service [Tomcat]
2019-01-14 13:33:30.439 logback [restartedMain] INFO  o.a.catalina.core.StandardEngine - Starting Servlet Engine: Apache Tomcat/9.0.13
2019-01-14 13:33:30.449 logback [restartedMain] INFO  o.a.c.core.AprLifecycleListener - The APR based Apache Tomcat Native library which allows optimal performance in production environments was not found on the java.library.path: [D:\jdk8.0\bin;C:\WINDOWS\Sun\Java\bin;C:\WINDOWS\system32;C:\WINDOWS;C:\Program Files (x86)\Common Files\Oracle\Java\javapath;C:\WINDOWS\system32;C:\WINDOWS;C:\WINDOWS\System32\Wbem;C:\WINDOWS\System32\WindowsPowerShell\v1.0\;C:\WINDOWS\System32\OpenSSH\;D:\jdk8.0\bin;D:\svn\bin;D:\maven\apache-maven-3.6.0-bin\apache-maven-3.6.0\bin;D:\Git\cmd;D:\mysql\mysql-8.0.13-winx64\mysql-8.0.13-winx64\bin;D:\erlong\erl10.2\bin;C:\Users\TUSHIXIAN\AppData\Local\Microsoft\WindowsApps;;.]
2019-01-14 13:33:30.761 logback [restartedMain] INFO  o.a.c.c.C.[Tomcat].[localhost].[/] - Initializing Spring embedded WebApplicationContext
2019-01-14 13:33:30.761 logback [restartedMain] INFO  o.s.web.context.ContextLoader - Root WebApplicationContext: initialization completed in 5740 ms
2019-01-14 13:33:31.232 logback [restartedMain] INFO  o.f.s.b.ProcessEngineAutoConfiguration$$EnhancerBySpringCGLIB$$8377d0b - No deployment resources were found for autodeployment
2019-01-14 13:33:31.256 logback [restartedMain] INFO  o.s.s.c.ThreadPoolTaskExecutor - Initializing ExecutorService 'applicationTaskExecutor'
2019-01-14 13:33:31.636 logback [restartedMain] INFO  o.f.c.e.i.AbstractEngineConfiguration - Found 1 Engine Configurators in total:
2019-01-14 13:33:31.638 logback [restartedMain] INFO  o.f.c.e.i.AbstractEngineConfiguration - class org.flowable.idm.engine.configurator.IdmEngineConfigurator (priority:100000)
2019-01-14 13:33:31.638 logback [restartedMain] INFO  o.f.c.e.i.AbstractEngineConfiguration - Executing beforeInit() of class org.flowable.idm.engine.configurator.IdmEngineConfigurator (priority:100000)
2019-01-14 13:33:31.733 logback [restartedMain] INFO  com.zaxxer.hikari.HikariDataSource - HikariPool-1 - Starting...
2019-01-14 13:33:31.904 logback [restartedMain] INFO  com.zaxxer.hikari.HikariDataSource - HikariPool-1 - Start completed.
2019-01-14 13:33:33.253 logback [restartedMain] INFO  o.f.c.e.i.AbstractEngineConfiguration - Executing configure() of class org.flowable.idm.engine.configurator.IdmEngineConfigurator (priority:100000)
2019-01-14 13:33:33.351 logback [restartedMain] INFO  o.f.idm.engine.impl.IdmEngineImpl - IdmEngine default created
2019-01-14 13:33:33.437 logback [restartedMain] INFO  o.f.engine.impl.ProcessEngineImpl - ProcessEngine default created
2019-01-14 13:33:33.489 logback [restartedMain] INFO  o.f.e.impl.cmd.ValidateV5EntitiesCmd - Total of v5 deployments found: 0
2019-01-14 13:33:34.489 logback [restartedMain] INFO  o.s.b.a.e.web.EndpointLinksResolver - Exposing 2 endpoint(s) beneath base path '/actuator'
2019-01-14 13:33:34.607 logback [restartedMain] INFO  s.d.s.w.PropertySourcedRequestMappingHandlerMapping - Mapped URL path [/v2/api-docs] onto method [public org.springframework.http.ResponseEntity<springfox.documentation.spring.web.json.Json> springfox.documentation.swagger2.web.Swagger2Controller.getDocumentation(java.lang.String,javax.servlet.http.HttpServletRequest)]
2019-01-14 13:33:34.900 logback [restartedMain] INFO  o.s.b.d.a.OptionalLiveReloadServer - LiveReload server is running on port 35729
2019-01-14 13:33:35.037 logback [restartedMain] WARN  o.s.b.a.t.ThymeleafAutoConfiguration$DefaultTemplateResolverConfiguration - Cannot find template location: classpath:/templates/ (please add some templates or check your Thymeleaf configuration)
2019-01-14 13:33:35.353 logback [restartedMain] WARN  o.s.b.a.f.FreeMarkerAutoConfiguration - Cannot find template location(s): [classpath:/templates/] (please add some templates, check your FreeMarker configuration, or set spring.freemarker.checkTemplateLocation=false)
2019-01-14 13:33:35.518 logback [restartedMain] INFO  s.d.s.w.p.DocumentationPluginsBootstrapper - Context refreshed
2019-01-14 13:33:35.545 logback [restartedMain] INFO  s.d.s.w.p.DocumentationPluginsBootstrapper - Found 1 custom documentation plugin(s)
2019-01-14 13:33:35.626 logback [restartedMain] INFO  s.d.s.w.s.ApiListingReferenceScanner - Scanning for api listing references
2019-01-14 13:33:35.967 logback [restartedMain] INFO  o.a.coyote.http11.Http11NioProtocol - Starting ProtocolHandler ["http-nio-8081"]
2019-01-14 13:33:35.984 logback [restartedMain] INFO  o.a.tomcat.util.net.NioSelectorPool - Using a shared selector for servlet write/read
2019-01-14 13:33:36.010 logback [restartedMain] INFO  o.s.b.w.e.tomcat.TomcatWebServer - Tomcat started on port(s): 8081 (http) with context path ''
2019-01-14 13:33:36.016 logback [restartedMain] INFO  c.e.f.FlowableactivityApplication - Started FlowableactivityApplication in 12.264 seconds (JVM running for 15.084)
2019-01-14 13:33:36.300 logback [RMI TCP Connection(4)-127.0.0.1] INFO  o.a.c.c.C.[Tomcat].[localhost].[/] - Initializing Spring DispatcherServlet 'dispatcherServlet'
2019-01-14 13:33:36.301 logback [RMI TCP Connection(4)-127.0.0.1] INFO  o.s.web.servlet.DispatcherServlet - Initializing Servlet 'dispatcherServlet'
2019-01-14 13:33:36.320 logback [RMI TCP Connection(4)-127.0.0.1] INFO  o.s.web.servlet.DispatcherServlet - Completed initialization in 19 ms
2019-01-14 13:33:36.333 logback [RMI TCP Connection(4)-127.0.0.1] INFO  o.a.c.c.C.[Tomcat].[localhost].[/] - Initializing Spring DispatcherServlet 'Flowable BPMN Rest API'
2019-01-14 13:33:36.333 logback [RMI TCP Connection(4)-127.0.0.1] INFO  o.s.web.servlet.DispatcherServlet - Initializing Servlet 'Flowable BPMN Rest API'
2019-01-14 13:33:37.717 logback [RMI TCP Connection(4)-127.0.0.1] INFO  o.s.web.servlet.DispatcherServlet - Completed initialization in 1384 ms
2019-01-14 13:33:58.731 logback [http-nio-8081-exec-7] WARN  o.s.w.s.m.m.a.ExceptionHandlerExceptionResolver - Resolved [java.lang.RuntimeException: 启动流程失败]
2019-01-14 13:33:59.012 logback [http-nio-8081-exec-7] ERROR org.thymeleaf.TemplateEngine - [THYMELEAF][http-nio-8081-exec-7] Exception processing template "expense/add": Error resolving template [expense/add], template might not exist or might not be accessible by any of the configured Template Resolvers
org.thymeleaf.exceptions.TemplateInputException: Error resolving template [expense/add], template might not exist or might not be accessible by any of the configured Template Resolvers
	at org.thymeleaf.engine.TemplateManager.resolveTemplate(TemplateManager.java:869)
	at org.thymeleaf.engine.TemplateManager.parseAndProcess(TemplateManager.java:607)
	at org.thymeleaf.TemplateEngine.process(TemplateEngine.java:1098)
	at org.thymeleaf.TemplateEngine.process(TemplateEngine.java:1072)
	at org.thymeleaf.spring5.view.ThymeleafView.renderFragment(ThymeleafView.java:362)
	at org.thymeleaf.spring5.view.ThymeleafView.render(ThymeleafView.java:189)
	at org.springframework.web.servlet.DispatcherServlet.render(DispatcherServlet.java:1370)
	at org.springframework.web.servlet.DispatcherServlet.processDispatchResult(DispatcherServlet.java:1116)
	at org.springframework.web.servlet.DispatcherServlet.doDispatch(DispatcherServlet.java:1055)
	at org.springframework.web.servlet.DispatcherServlet.doService(DispatcherServlet.java:942)
	at org.springframework.web.servlet.FrameworkServlet.processRequest(FrameworkServlet.java:1005)
	at org.springframework.web.servlet.FrameworkServlet.doPost(FrameworkServlet.java:908)
	at javax.servlet.http.HttpServlet.service(HttpServlet.java:660)
	at org.springframework.web.servlet.FrameworkServlet.service(FrameworkServlet.java:882)
	at javax.servlet.http.HttpServlet.service(HttpServlet.java:741)
	at org.apache.catalina.core.ApplicationFilterChain.internalDoFilter(ApplicationFilterChain.java:231)
	at org.apache.catalina.core.ApplicationFilterChain.doFilter(ApplicationFilterChain.java:166)
	at org.apache.tomcat.websocket.server.WsFilter.doFilter(WsFilter.java:53)
	at org.apache.catalina.core.ApplicationFilterChain.internalDoFilter(ApplicationFilterChain.java:193)
	at org.apache.catalina.core.ApplicationFilterChain.doFilter(ApplicationFilterChain.java:166)
	at org.springframework.boot.actuate.web.trace.servlet.HttpTraceFilter.doFilterInternal(HttpTraceFilter.java:90)
	at org.springframework.web.filter.OncePerRequestFilter.doFilter(OncePerRequestFilter.java:107)
	at org.apache.catalina.core.ApplicationFilterChain.internalDoFilter(ApplicationFilterChain.java:193)
	at org.apache.catalina.core.ApplicationFilterChain.doFilter(ApplicationFilterChain.java:166)
	at org.springframework.web.filter.RequestContextFilter.doFilterInternal(RequestContextFilter.java:99)
	at org.springframework.web.filter.OncePerRequestFilter.doFilter(OncePerRequestFilter.java:107)
	at org.apache.catalina.core.ApplicationFilterChain.internalDoFilter(ApplicationFilterChain.java:193)
	at org.apache.catalina.core.ApplicationFilterChain.doFilter(ApplicationFilterChain.java:166)
	at org.springframework.web.filter.FormContentFilter.doFilterInternal(FormContentFilter.java:92)
	at org.springframework.web.filter.OncePerRequestFilter.doFilter(OncePerRequestFilter.java:107)
	at org.apache.catalina.core.ApplicationFilterChain.internalDoFilter(ApplicationFilterChain.java:193)
	at org.apache.catalina.core.ApplicationFilterChain.doFilter(ApplicationFilterChain.java:166)
	at org.springframework.web.filter.HiddenHttpMethodFilter.doFilterInternal(HiddenHttpMethodFilter.java:93)
	at org.springframework.web.filter.OncePerRequestFilter.doFilter(OncePerRequestFilter.java:107)
	at org.apache.catalina.core.ApplicationFilterChain.internalDoFilter(ApplicationFilterChain.java:193)
	at org.apache.catalina.core.ApplicationFilterChain.doFilter(ApplicationFilterChain.java:166)
	at org.springframework.boot.actuate.metrics.web.servlet.WebMvcMetricsFilter.filterAndRecordMetrics(WebMvcMetricsFilter.java:117)
	at org.springframework.boot.actuate.metrics.web.servlet.WebMvcMetricsFilter.doFilterInternal(WebMvcMetricsFilter.java:106)
	at org.springframework.web.filter.OncePerRequestFilter.doFilter(OncePerRequestFilter.java:107)
	at org.apache.catalina.core.ApplicationFilterChain.internalDoFilter(ApplicationFilterChain.java:193)
	at org.apache.catalina.core.ApplicationFilterChain.doFilter(ApplicationFilterChain.java:166)
	at org.springframework.web.filter.CharacterEncodingFilter.doFilterInternal(CharacterEncodingFilter.java:200)
	at org.springframework.web.filter.OncePerRequestFilter.doFilter(OncePerRequestFilter.java:107)
	at org.apache.catalina.core.ApplicationFilterChain.internalDoFilter(ApplicationFilterChain.java:193)
	at org.apache.catalina.core.ApplicationFilterChain.doFilter(ApplicationFilterChain.java:166)
	at org.apache.catalina.core.StandardWrapperValve.invoke(StandardWrapperValve.java:199)
	at org.apache.catalina.core.StandardContextValve.invoke(StandardContextValve.java:96)
	at org.apache.catalina.authenticator.AuthenticatorBase.invoke(AuthenticatorBase.java:490)
	at org.apache.catalina.core.StandardHostValve.invoke(StandardHostValve.java:139)
	at org.apache.catalina.valves.ErrorReportValve.invoke(ErrorReportValve.java:92)
	at org.apache.catalina.core.StandardEngineValve.invoke(StandardEngineValve.java:74)
	at org.apache.catalina.connector.CoyoteAdapter.service(CoyoteAdapter.java:343)
	at org.apache.coyote.http11.Http11Processor.service(Http11Processor.java:408)
	at org.apache.coyote.AbstractProcessorLight.process(AbstractProcessorLight.java:66)
	at org.apache.coyote.AbstractProtocol$ConnectionHandler.process(AbstractProtocol.java:791)
	at org.apache.tomcat.util.net.NioEndpoint$SocketProcessor.doRun(NioEndpoint.java:1417)
	at org.apache.tomcat.util.net.SocketProcessorBase.run(SocketProcessorBase.java:49)
	at java.util.concurrent.ThreadPoolExecutor.runWorker(ThreadPoolExecutor.java:1149)
	at java.util.concurrent.ThreadPoolExecutor$Worker.run(ThreadPoolExecutor.java:624)
	at org.apache.tomcat.util.threads.TaskThread$WrappingRunnable.run(TaskThread.java:61)
	at java.lang.Thread.run(Thread.java:748)
2019-01-14 13:33:59.018 logback [http-nio-8081-exec-7] ERROR o.a.c.c.C.[.[.[.[dispatcherServlet] - Servlet.service() for servlet [dispatcherServlet] in context with path [] threw exception [Request processing failed; nested exception is org.thymeleaf.exceptions.TemplateInputException: Error resolving template [expense/add], template might not exist or might not be accessible by any of the configured Template Resolvers] with root cause
org.thymeleaf.exceptions.TemplateInputException: Error resolving template [expense/add], template might not exist or might not be accessible by any of the configured Template Resolvers
	at org.thymeleaf.engine.TemplateManager.resolveTemplate(TemplateManager.java:869)
	at org.thymeleaf.engine.TemplateManager.parseAndProcess(TemplateManager.java:607)
	at org.thymeleaf.TemplateEngine.process(TemplateEngine.java:1098)
	at org.thymeleaf.TemplateEngine.process(TemplateEngine.java:1072)
	at org.thymeleaf.spring5.view.ThymeleafView.renderFragment(ThymeleafView.java:362)
	at org.thymeleaf.spring5.view.ThymeleafView.render(ThymeleafView.java:189)
	at org.springframework.web.servlet.DispatcherServlet.render(DispatcherServlet.java:1370)
	at org.springframework.web.servlet.DispatcherServlet.processDispatchResult(DispatcherServlet.java:1116)
	at org.springframework.web.servlet.DispatcherServlet.doDispatch(DispatcherServlet.java:1055)
	at org.springframework.web.servlet.DispatcherServlet.doService(DispatcherServlet.java:942)
	at org.springframework.web.servlet.FrameworkServlet.processRequest(FrameworkServlet.java:1005)
	at org.springframework.web.servlet.FrameworkServlet.doPost(FrameworkServlet.java:908)
	at javax.servlet.http.HttpServlet.service(HttpServlet.java:660)
	at org.springframework.web.servlet.FrameworkServlet.service(FrameworkServlet.java:882)
	at javax.servlet.http.HttpServlet.service(HttpServlet.java:741)
	at org.apache.catalina.core.ApplicationFilterChain.internalDoFilter(ApplicationFilterChain.java:231)
	at org.apache.catalina.core.ApplicationFilterChain.doFilter(ApplicationFilterChain.java:166)
	at org.apache.tomcat.websocket.server.WsFilter.doFilter(WsFilter.java:53)
	at org.apache.catalina.core.ApplicationFilterChain.internalDoFilter(ApplicationFilterChain.java:193)
	at org.apache.catalina.core.ApplicationFilterChain.doFilter(ApplicationFilterChain.java:166)
	at org.springframework.boot.actuate.web.trace.servlet.HttpTraceFilter.doFilterInternal(HttpTraceFilter.java:90)
	at org.springframework.web.filter.OncePerRequestFilter.doFilter(OncePerRequestFilter.java:107)
	at org.apache.catalina.core.ApplicationFilterChain.internalDoFilter(ApplicationFilterChain.java:193)
	at org.apache.catalina.core.ApplicationFilterChain.doFilter(ApplicationFilterChain.java:166)
	at org.springframework.web.filter.RequestContextFilter.doFilterInternal(RequestContextFilter.java:99)
	at org.springframework.web.filter.OncePerRequestFilter.doFilter(OncePerRequestFilter.java:107)
	at org.apache.catalina.core.ApplicationFilterChain.internalDoFilter(ApplicationFilterChain.java:193)
	at org.apache.catalina.core.ApplicationFilterChain.doFilter(ApplicationFilterChain.java:166)
	at org.springframework.web.filter.FormContentFilter.doFilterInternal(FormContentFilter.java:92)
	at org.springframework.web.filter.OncePerRequestFilter.doFilter(OncePerRequestFilter.java:107)
	at org.apache.catalina.core.ApplicationFilterChain.internalDoFilter(ApplicationFilterChain.java:193)
	at org.apache.catalina.core.ApplicationFilterChain.doFilter(ApplicationFilterChain.java:166)
	at org.springframework.web.filter.HiddenHttpMethodFilter.doFilterInternal(HiddenHttpMethodFilter.java:93)
	at org.springframework.web.filter.OncePerRequestFilter.doFilter(OncePerRequestFilter.java:107)
	at org.apache.catalina.core.ApplicationFilterChain.internalDoFilter(ApplicationFilterChain.java:193)
	at org.apache.catalina.core.ApplicationFilterChain.doFilter(ApplicationFilterChain.java:166)
	at org.springframework.boot.actuate.metrics.web.servlet.WebMvcMetricsFilter.filterAndRecordMetrics(WebMvcMetricsFilter.java:117)
	at org.springframework.boot.actuate.metrics.web.servlet.WebMvcMetricsFilter.doFilterInternal(WebMvcMetricsFilter.java:106)
	at org.springframework.web.filter.OncePerRequestFilter.doFilter(OncePerRequestFilter.java:107)
	at org.apache.catalina.core.ApplicationFilterChain.internalDoFilter(ApplicationFilterChain.java:193)
	at org.apache.catalina.core.ApplicationFilterChain.doFilter(ApplicationFilterChain.java:166)
	at org.springframework.web.filter.CharacterEncodingFilter.doFilterInternal(CharacterEncodingFilter.java:200)
	at org.springframework.web.filter.OncePerRequestFilter.doFilter(OncePerRequestFilter.java:107)
	at org.apache.catalina.core.ApplicationFilterChain.internalDoFilter(ApplicationFilterChain.java:193)
	at org.apache.catalina.core.ApplicationFilterChain.doFilter(ApplicationFilterChain.java:166)
	at org.apache.catalina.core.StandardWrapperValve.invoke(StandardWrapperValve.java:199)
	at org.apache.catalina.core.StandardContextValve.invoke(StandardContextValve.java:96)
	at org.apache.catalina.authenticator.AuthenticatorBase.invoke(AuthenticatorBase.java:490)
	at org.apache.catalina.core.StandardHostValve.invoke(StandardHostValve.java:139)
	at org.apache.catalina.valves.ErrorReportValve.invoke(ErrorReportValve.java:92)
	at org.apache.catalina.core.StandardEngineValve.invoke(StandardEngineValve.java:74)
	at org.apache.catalina.connector.CoyoteAdapter.service(CoyoteAdapter.java:343)
	at org.apache.coyote.http11.Http11Processor.service(Http11Processor.java:408)
	at org.apache.coyote.AbstractProcessorLight.process(AbstractProcessorLight.java:66)
	at org.apache.coyote.AbstractProtocol$ConnectionHandler.process(AbstractProtocol.java:791)
	at org.apache.tomcat.util.net.NioEndpoint$SocketProcessor.doRun(NioEndpoint.java:1417)
	at org.apache.tomcat.util.net.SocketProcessorBase.run(SocketProcessorBase.java:49)
	at java.util.concurrent.ThreadPoolExecutor.runWorker(ThreadPoolExecutor.java:1149)
	at java.util.concurrent.ThreadPoolExecutor$Worker.run(ThreadPoolExecutor.java:624)
	at org.apache.tomcat.util.threads.TaskThread$WrappingRunnable.run(TaskThread.java:61)
	at java.lang.Thread.run(Thread.java:748)
2019-01-14 13:50:10.320 logback [restartedMain] INFO  c.e.f.FlowableactivityApplication - Starting FlowableactivityApplication on DESKTOP-UQ7FIHQ with PID 11528 (D:\gongzuoxiangmu\flowable\flowableactivity\target\classes started by TUSHIXIAN in D:\gongzuoxiangmu\flowable\flowableactivity)
2019-01-14 13:50:10.328 logback [restartedMain] INFO  c.e.f.FlowableactivityApplication - No active profile set, falling back to default profiles: default
2019-01-14 13:50:10.482 logback [restartedMain] INFO  o.s.b.d.e.DevToolsPropertyDefaultsPostProcessor - Devtools property defaults active! Set 'spring.devtools.add-properties' to 'false' to disable
2019-01-14 13:50:10.482 logback [restartedMain] INFO  o.s.b.d.e.DevToolsPropertyDefaultsPostProcessor - For additional web related logging consider setting the 'logging.level.web' property to 'DEBUG'
2019-01-14 13:50:15.202 logback [restartedMain] INFO  o.s.c.s.PostProcessorRegistrationDelegate$BeanPostProcessorChecker - Bean 'org.springframework.transaction.annotation.ProxyTransactionManagementConfiguration' of type [org.springframework.transaction.annotation.ProxyTransactionManagementConfiguration$$EnhancerBySpringCGLIB$$3c6f7a5b] is not eligible for getting processed by all BeanPostProcessors (for example: not eligible for auto-proxying)
2019-01-14 13:50:16.033 logback [restartedMain] INFO  o.s.b.w.e.tomcat.TomcatWebServer - Tomcat initialized with port(s): 8081 (http)
2019-01-14 13:50:16.052 logback [restartedMain] INFO  o.a.coyote.http11.Http11NioProtocol - Initializing ProtocolHandler ["http-nio-8081"]
2019-01-14 13:50:16.067 logback [restartedMain] INFO  o.a.catalina.core.StandardService - Starting service [Tomcat]
2019-01-14 13:50:16.068 logback [restartedMain] INFO  o.a.catalina.core.StandardEngine - Starting Servlet Engine: Apache Tomcat/9.0.13
2019-01-14 13:50:16.079 logback [restartedMain] INFO  o.a.c.core.AprLifecycleListener - The APR based Apache Tomcat Native library which allows optimal performance in production environments was not found on the java.library.path: [D:\jdk8.0\bin;C:\WINDOWS\Sun\Java\bin;C:\WINDOWS\system32;C:\WINDOWS;C:\Program Files (x86)\Common Files\Oracle\Java\javapath;C:\WINDOWS\system32;C:\WINDOWS;C:\WINDOWS\System32\Wbem;C:\WINDOWS\System32\WindowsPowerShell\v1.0\;C:\WINDOWS\System32\OpenSSH\;D:\jdk8.0\bin;D:\svn\bin;D:\maven\apache-maven-3.6.0-bin\apache-maven-3.6.0\bin;D:\Git\cmd;D:\mysql\mysql-8.0.13-winx64\mysql-8.0.13-winx64\bin;D:\erlong\erl10.2\bin;C:\Users\TUSHIXIAN\AppData\Local\Microsoft\WindowsApps;;.]
2019-01-14 13:50:16.316 logback [restartedMain] INFO  o.a.c.c.C.[Tomcat].[localhost].[/] - Initializing Spring embedded WebApplicationContext
2019-01-14 13:50:16.316 logback [restartedMain] INFO  o.s.web.context.ContextLoader - Root WebApplicationContext: initialization completed in 5833 ms
2019-01-14 13:50:16.789 logback [restartedMain] INFO  o.f.s.b.ProcessEngineAutoConfiguration$$EnhancerBySpringCGLIB$$42e3b7ad - No deployment resources were found for autodeployment
2019-01-14 13:50:16.812 logback [restartedMain] INFO  o.s.s.c.ThreadPoolTaskExecutor - Initializing ExecutorService 'applicationTaskExecutor'
2019-01-14 13:50:17.172 logback [restartedMain] INFO  o.f.c.e.i.AbstractEngineConfiguration - Found 1 Engine Configurators in total:
2019-01-14 13:50:17.173 logback [restartedMain] INFO  o.f.c.e.i.AbstractEngineConfiguration - class org.flowable.idm.engine.configurator.IdmEngineConfigurator (priority:100000)
2019-01-14 13:50:17.174 logback [restartedMain] INFO  o.f.c.e.i.AbstractEngineConfiguration - Executing beforeInit() of class org.flowable.idm.engine.configurator.IdmEngineConfigurator (priority:100000)
2019-01-14 13:50:17.261 logback [restartedMain] INFO  com.zaxxer.hikari.HikariDataSource - HikariPool-1 - Starting...
2019-01-14 13:50:17.443 logback [restartedMain] INFO  com.zaxxer.hikari.HikariDataSource - HikariPool-1 - Start completed.
2019-01-14 13:50:18.823 logback [restartedMain] INFO  o.f.c.e.i.AbstractEngineConfiguration - Executing configure() of class org.flowable.idm.engine.configurator.IdmEngineConfigurator (priority:100000)
2019-01-14 13:50:18.924 logback [restartedMain] INFO  o.f.idm.engine.impl.IdmEngineImpl - IdmEngine default created
2019-01-14 13:50:19.004 logback [restartedMain] INFO  o.f.engine.impl.ProcessEngineImpl - ProcessEngine default created
2019-01-14 13:50:19.058 logback [restartedMain] INFO  o.f.e.impl.cmd.ValidateV5EntitiesCmd - Total of v5 deployments found: 0
2019-01-14 13:50:20.060 logback [restartedMain] INFO  o.s.b.a.e.web.EndpointLinksResolver - Exposing 2 endpoint(s) beneath base path '/actuator'
2019-01-14 13:50:20.179 logback [restartedMain] INFO  s.d.s.w.PropertySourcedRequestMappingHandlerMapping - Mapped URL path [/v2/api-docs] onto method [public org.springframework.http.ResponseEntity<springfox.documentation.spring.web.json.Json> springfox.documentation.swagger2.web.Swagger2Controller.getDocumentation(java.lang.String,javax.servlet.http.HttpServletRequest)]
2019-01-14 13:50:20.467 logback [restartedMain] INFO  o.s.b.d.a.OptionalLiveReloadServer - LiveReload server is running on port 35729
2019-01-14 13:50:20.726 logback [restartedMain] WARN  o.s.b.a.t.ThymeleafAutoConfiguration$DefaultTemplateResolverConfiguration - Cannot find template location: classpath:/templates/ (please add some templates or check your Thymeleaf configuration)
2019-01-14 13:50:21.102 logback [restartedMain] WARN  o.s.b.a.f.FreeMarkerAutoConfiguration - Cannot find template location(s): [classpath:/templates/] (please add some templates, check your FreeMarker configuration, or set spring.freemarker.checkTemplateLocation=false)
2019-01-14 13:50:21.279 logback [restartedMain] INFO  s.d.s.w.p.DocumentationPluginsBootstrapper - Context refreshed
2019-01-14 13:50:21.322 logback [restartedMain] INFO  s.d.s.w.p.DocumentationPluginsBootstrapper - Found 1 custom documentation plugin(s)
2019-01-14 13:50:21.396 logback [restartedMain] INFO  s.d.s.w.s.ApiListingReferenceScanner - Scanning for api listing references
2019-01-14 13:50:21.749 logback [restartedMain] INFO  o.a.coyote.http11.Http11NioProtocol - Starting ProtocolHandler ["http-nio-8081"]
2019-01-14 13:50:21.765 logback [restartedMain] INFO  o.a.tomcat.util.net.NioSelectorPool - Using a shared selector for servlet write/read
2019-01-14 13:50:21.790 logback [restartedMain] INFO  o.s.b.w.e.tomcat.TomcatWebServer - Tomcat started on port(s): 8081 (http) with context path ''
2019-01-14 13:50:21.798 logback [restartedMain] INFO  c.e.f.FlowableactivityApplication - Started FlowableactivityApplication in 12.488 seconds (JVM running for 15.352)
2019-01-14 13:50:22.472 logback [RMI TCP Connection(2)-127.0.0.1] INFO  o.a.c.c.C.[Tomcat].[localhost].[/] - Initializing Spring DispatcherServlet 'dispatcherServlet'
2019-01-14 13:50:22.473 logback [RMI TCP Connection(2)-127.0.0.1] INFO  o.s.web.servlet.DispatcherServlet - Initializing Servlet 'dispatcherServlet'
2019-01-14 13:50:22.493 logback [RMI TCP Connection(2)-127.0.0.1] INFO  o.s.web.servlet.DispatcherServlet - Completed initialization in 20 ms
2019-01-14 13:50:22.507 logback [RMI TCP Connection(2)-127.0.0.1] INFO  o.a.c.c.C.[Tomcat].[localhost].[/] - Initializing Spring DispatcherServlet 'Flowable BPMN Rest API'
2019-01-14 13:50:22.507 logback [RMI TCP Connection(2)-127.0.0.1] INFO  o.s.web.servlet.DispatcherServlet - Initializing Servlet 'Flowable BPMN Rest API'
2019-01-14 13:50:23.995 logback [RMI TCP Connection(2)-127.0.0.1] INFO  o.s.web.servlet.DispatcherServlet - Completed initialization in 1488 ms
2019-01-14 13:50:48.627 logback [http-nio-8081-exec-2] ERROR c.e.f.handler.GlobalExceptionHandler - 启动流程失败
java.lang.RuntimeException: 启动流程失败
	at com.example.flowableactivity.controller.ExpenseController.addExpense(ExpenseController.java:37)
	at sun.reflect.NativeMethodAccessorImpl.invoke0(Native Method)
	at sun.reflect.NativeMethodAccessorImpl.invoke(NativeMethodAccessorImpl.java:62)
	at sun.reflect.DelegatingMethodAccessorImpl.invoke(DelegatingMethodAccessorImpl.java:43)
	at java.lang.reflect.Method.invoke(Method.java:498)
	at org.springframework.web.method.support.InvocableHandlerMethod.doInvoke(InvocableHandlerMethod.java:189)
	at org.springframework.web.method.support.InvocableHandlerMethod.invokeForRequest(InvocableHandlerMethod.java:138)
	at org.springframework.web.servlet.mvc.method.annotation.ServletInvocableHandlerMethod.invokeAndHandle(ServletInvocableHandlerMethod.java:102)
	at org.springframework.web.servlet.mvc.method.annotation.RequestMappingHandlerAdapter.invokeHandlerMethod(RequestMappingHandlerAdapter.java:895)
	at org.springframework.web.servlet.mvc.method.annotation.RequestMappingHandlerAdapter.handleInternal(RequestMappingHandlerAdapter.java:800)
	at org.springframework.web.servlet.mvc.method.AbstractHandlerMethodAdapter.handle(AbstractHandlerMethodAdapter.java:87)
	at org.springframework.web.servlet.DispatcherServlet.doDispatch(DispatcherServlet.java:1038)
	at org.springframework.web.servlet.DispatcherServlet.doService(DispatcherServlet.java:942)
	at org.springframework.web.servlet.FrameworkServlet.processRequest(FrameworkServlet.java:1005)
	at org.springframework.web.servlet.FrameworkServlet.doPost(FrameworkServlet.java:908)
	at javax.servlet.http.HttpServlet.service(HttpServlet.java:660)
	at org.springframework.web.servlet.FrameworkServlet.service(FrameworkServlet.java:882)
	at javax.servlet.http.HttpServlet.service(HttpServlet.java:741)
	at org.apache.catalina.core.ApplicationFilterChain.internalDoFilter(ApplicationFilterChain.java:231)
	at org.apache.catalina.core.ApplicationFilterChain.doFilter(ApplicationFilterChain.java:166)
	at org.apache.tomcat.websocket.server.WsFilter.doFilter(WsFilter.java:53)
	at org.apache.catalina.core.ApplicationFilterChain.internalDoFilter(ApplicationFilterChain.java:193)
	at org.apache.catalina.core.ApplicationFilterChain.doFilter(ApplicationFilterChain.java:166)
	at org.springframework.boot.actuate.web.trace.servlet.HttpTraceFilter.doFilterInternal(HttpTraceFilter.java:90)
	at org.springframework.web.filter.OncePerRequestFilter.doFilter(OncePerRequestFilter.java:107)
	at org.apache.catalina.core.ApplicationFilterChain.internalDoFilter(ApplicationFilterChain.java:193)
	at org.apache.catalina.core.ApplicationFilterChain.doFilter(ApplicationFilterChain.java:166)
	at org.springframework.web.filter.RequestContextFilter.doFilterInternal(RequestContextFilter.java:99)
	at org.springframework.web.filter.OncePerRequestFilter.doFilter(OncePerRequestFilter.java:107)
	at org.apache.catalina.core.ApplicationFilterChain.internalDoFilter(ApplicationFilterChain.java:193)
	at org.apache.catalina.core.ApplicationFilterChain.doFilter(ApplicationFilterChain.java:166)
	at org.springframework.web.filter.FormContentFilter.doFilterInternal(FormContentFilter.java:92)
	at org.springframework.web.filter.OncePerRequestFilter.doFilter(OncePerRequestFilter.java:107)
	at org.apache.catalina.core.ApplicationFilterChain.internalDoFilter(ApplicationFilterChain.java:193)
	at org.apache.catalina.core.ApplicationFilterChain.doFilter(ApplicationFilterChain.java:166)
	at org.springframework.web.filter.HiddenHttpMethodFilter.doFilterInternal(HiddenHttpMethodFilter.java:93)
	at org.springframework.web.filter.OncePerRequestFilter.doFilter(OncePerRequestFilter.java:107)
	at org.apache.catalina.core.ApplicationFilterChain.internalDoFilter(ApplicationFilterChain.java:193)
	at org.apache.catalina.core.ApplicationFilterChain.doFilter(ApplicationFilterChain.java:166)
	at org.springframework.boot.actuate.metrics.web.servlet.WebMvcMetricsFilter.filterAndRecordMetrics(WebMvcMetricsFilter.java:117)
	at org.springframework.boot.actuate.metrics.web.servlet.WebMvcMetricsFilter.doFilterInternal(WebMvcMetricsFilter.java:106)
	at org.springframework.web.filter.OncePerRequestFilter.doFilter(OncePerRequestFilter.java:107)
	at org.apache.catalina.core.ApplicationFilterChain.internalDoFilter(ApplicationFilterChain.java:193)
	at org.apache.catalina.core.ApplicationFilterChain.doFilter(ApplicationFilterChain.java:166)
	at org.springframework.web.filter.CharacterEncodingFilter.doFilterInternal(CharacterEncodingFilter.java:200)
	at org.springframework.web.filter.OncePerRequestFilter.doFilter(OncePerRequestFilter.java:107)
	at org.apache.catalina.core.ApplicationFilterChain.internalDoFilter(ApplicationFilterChain.java:193)
	at org.apache.catalina.core.ApplicationFilterChain.doFilter(ApplicationFilterChain.java:166)
	at org.apache.catalina.core.StandardWrapperValve.invoke(StandardWrapperValve.java:199)
	at org.apache.catalina.core.StandardContextValve.invoke(StandardContextValve.java:96)
	at org.apache.catalina.authenticator.AuthenticatorBase.invoke(AuthenticatorBase.java:490)
	at org.apache.catalina.core.StandardHostValve.invoke(StandardHostValve.java:139)
	at org.apache.catalina.valves.ErrorReportValve.invoke(ErrorReportValve.java:92)
	at org.apache.catalina.core.StandardEngineValve.invoke(StandardEngineValve.java:74)
	at org.apache.catalina.connector.CoyoteAdapter.service(CoyoteAdapter.java:343)
	at org.apache.coyote.http11.Http11Processor.service(Http11Processor.java:408)
	at org.apache.coyote.AbstractProcessorLight.process(AbstractProcessorLight.java:66)
	at org.apache.coyote.AbstractProtocol$ConnectionHandler.process(AbstractProtocol.java:791)
	at org.apache.tomcat.util.net.NioEndpoint$SocketProcessor.doRun(NioEndpoint.java:1417)
	at org.apache.tomcat.util.net.SocketProcessorBase.run(SocketProcessorBase.java:49)
	at java.util.concurrent.ThreadPoolExecutor.runWorker(ThreadPoolExecutor.java:1149)
	at java.util.concurrent.ThreadPoolExecutor$Worker.run(ThreadPoolExecutor.java:624)
	at org.apache.tomcat.util.threads.TaskThread$WrappingRunnable.run(TaskThread.java:61)
	at java.lang.Thread.run(Thread.java:748)
2019-01-14 13:50:48.632 logback [http-nio-8081-exec-2] WARN  o.s.w.s.m.m.a.ExceptionHandlerExceptionResolver - Resolved [java.lang.RuntimeException: 启动流程失败]
2019-01-14 14:55:44.660 logback [Thread-31] INFO  o.s.s.c.ThreadPoolTaskExecutor - Shutting down ExecutorService 'applicationTaskExecutor'
2019-01-14 14:55:44.766 logback [Thread-31] INFO  com.zaxxer.hikari.HikariDataSource - HikariPool-1 - Shutdown initiated...
2019-01-14 14:55:44.877 logback [Thread-31] INFO  com.zaxxer.hikari.HikariDataSource - HikariPool-1 - Shutdown completed.
2019-01-14 14:55:54.449 logback [restartedMain] INFO  c.e.f.FlowableactivityApplication - Starting FlowableactivityApplication on DESKTOP-UQ7FIHQ with PID 11528 (D:\gongzuoxiangmu\flowable\flowableactivity\target\classes started by TUSHIXIAN in D:\gongzuoxiangmu\flowable\flowableactivity)
2019-01-14 14:55:54.450 logback [restartedMain] INFO  c.e.f.FlowableactivityApplication - No active profile set, falling back to default profiles: default
2019-01-14 14:56:05.368 logback [restartedMain] INFO  o.s.c.s.PostProcessorRegistrationDelegate$BeanPostProcessorChecker - Bean 'org.springframework.transaction.annotation.ProxyTransactionManagementConfiguration' of type [org.springframework.transaction.annotation.ProxyTransactionManagementConfiguration$$EnhancerBySpringCGLIB$$3c6f7a5b] is not eligible for getting processed by all BeanPostProcessors (for example: not eligible for auto-proxying)
2019-01-14 14:56:06.585 logback [restartedMain] INFO  o.s.b.w.e.tomcat.TomcatWebServer - Tomcat initialized with port(s): 8081 (http)
2019-01-14 14:56:06.588 logback [restartedMain] INFO  o.a.coyote.http11.Http11NioProtocol - Initializing ProtocolHandler ["http-nio-8081"]
2019-01-14 14:56:06.588 logback [restartedMain] INFO  o.a.catalina.core.StandardService - Starting service [Tomcat]
2019-01-14 14:56:06.589 logback [restartedMain] INFO  o.a.catalina.core.StandardEngine - Starting Servlet Engine: Apache Tomcat/9.0.13
2019-01-14 14:56:06.762 logback [restartedMain] INFO  o.a.c.c.C.[Tomcat].[localhost].[/] - Initializing Spring embedded WebApplicationContext
2019-01-14 14:56:06.762 logback [restartedMain] INFO  o.s.web.context.ContextLoader - Root WebApplicationContext: initialization completed in 12301 ms
2019-01-14 14:56:08.417 logback [restartedMain] INFO  o.f.s.b.ProcessEngineAutoConfiguration$$EnhancerBySpringCGLIB$$42e3b7ad - No deployment resources were found for autodeployment
2019-01-14 14:56:08.446 logback [restartedMain] INFO  o.s.s.c.ThreadPoolTaskExecutor - Initializing ExecutorService 'applicationTaskExecutor'
2019-01-14 14:56:08.663 logback [restartedMain] INFO  o.f.c.e.i.AbstractEngineConfiguration - Found 1 Engine Configurators in total:
2019-01-14 14:56:08.681 logback [restartedMain] INFO  o.f.c.e.i.AbstractEngineConfiguration - class org.flowable.idm.engine.configurator.IdmEngineConfigurator (priority:100000)
2019-01-14 14:56:08.682 logback [restartedMain] INFO  o.f.c.e.i.AbstractEngineConfiguration - Executing beforeInit() of class org.flowable.idm.engine.configurator.IdmEngineConfigurator (priority:100000)
2019-01-14 14:56:08.719 logback [restartedMain] INFO  com.zaxxer.hikari.HikariDataSource - HikariPool-2 - Starting...
2019-01-14 14:56:08.737 logback [restartedMain] INFO  com.zaxxer.hikari.HikariDataSource - HikariPool-2 - Start completed.
2019-01-14 14:56:10.040 logback [restartedMain] INFO  o.f.c.e.i.AbstractEngineConfiguration - Executing configure() of class org.flowable.idm.engine.configurator.IdmEngineConfigurator (priority:100000)
2019-01-14 14:56:10.069 logback [restartedMain] INFO  o.f.idm.engine.impl.IdmEngineImpl - IdmEngine default created
2019-01-14 14:56:10.167 logback [restartedMain] INFO  o.f.engine.impl.ProcessEngineImpl - ProcessEngine default created
2019-01-14 14:56:10.175 logback [restartedMain] INFO  o.f.e.impl.cmd.ValidateV5EntitiesCmd - Total of v5 deployments found: 0
2019-01-14 14:56:10.888 logback [restartedMain] INFO  o.s.b.a.e.web.EndpointLinksResolver - Exposing 2 endpoint(s) beneath base path '/actuator'
2019-01-14 14:56:10.937 logback [restartedMain] INFO  s.d.s.w.PropertySourcedRequestMappingHandlerMapping - Mapped URL path [/v2/api-docs] onto method [public org.springframework.http.ResponseEntity<springfox.documentation.spring.web.json.Json> springfox.documentation.swagger2.web.Swagger2Controller.getDocumentation(java.lang.String,javax.servlet.http.HttpServletRequest)]
2019-01-14 14:56:11.039 logback [restartedMain] INFO  o.s.b.d.a.OptionalLiveReloadServer - LiveReload server is running on port 35729
2019-01-14 14:56:11.103 logback [restartedMain] WARN  o.s.b.a.t.ThymeleafAutoConfiguration$DefaultTemplateResolverConfiguration - Cannot find template location: classpath:/templates/ (please add some templates or check your Thymeleaf configuration)
2019-01-14 14:56:11.263 logback [restartedMain] WARN  o.s.b.a.f.FreeMarkerAutoConfiguration - Cannot find template location(s): [classpath:/templates/] (please add some templates, check your FreeMarker configuration, or set spring.freemarker.checkTemplateLocation=false)
2019-01-14 14:56:11.395 logback [restartedMain] INFO  s.d.s.w.p.DocumentationPluginsBootstrapper - Context refreshed
2019-01-14 14:56:11.399 logback [restartedMain] INFO  s.d.s.w.p.DocumentationPluginsBootstrapper - Found 1 custom documentation plugin(s)
2019-01-14 14:56:11.433 logback [restartedMain] INFO  s.d.s.w.s.ApiListingReferenceScanner - Scanning for api listing references
2019-01-14 14:56:11.574 logback [restartedMain] INFO  o.a.coyote.http11.Http11NioProtocol - Starting ProtocolHandler ["http-nio-8081"]
2019-01-14 14:56:11.576 logback [restartedMain] INFO  o.a.tomcat.util.net.NioSelectorPool - Using a shared selector for servlet write/read
2019-01-14 14:56:11.581 logback [restartedMain] INFO  o.s.b.w.e.tomcat.TomcatWebServer - Tomcat started on port(s): 8081 (http) with context path ''
2019-01-14 14:56:11.582 logback [restartedMain] INFO  c.e.f.FlowableactivityApplication - Started FlowableactivityApplication in 20.018 seconds (JVM running for 3965.138)
2019-01-14 14:56:11.588 logback [restartedMain] INFO  o.s.b.d.a.ConditionEvaluationDeltaLoggingListener - Condition evaluation unchanged
2019-01-14 14:56:21.273 logback [Thread-47] INFO  o.s.s.c.ThreadPoolTaskExecutor - Shutting down ExecutorService 'applicationTaskExecutor'
2019-01-14 14:56:21.275 logback [Thread-47] INFO  com.zaxxer.hikari.HikariDataSource - HikariPool-2 - Shutdown initiated...
2019-01-14 14:56:21.288 logback [Thread-47] INFO  com.zaxxer.hikari.HikariDataSource - HikariPool-2 - Shutdown completed.
2019-01-14 14:56:22.201 logback [restartedMain] INFO  c.e.f.FlowableactivityApplication - Starting FlowableactivityApplication on DESKTOP-UQ7FIHQ with PID 11528 (D:\gongzuoxiangmu\flowable\flowableactivity\target\classes started by TUSHIXIAN in D:\gongzuoxiangmu\flowable\flowableactivity)
2019-01-14 14:56:22.202 logback [restartedMain] INFO  c.e.f.FlowableactivityApplication - No active profile set, falling back to default profiles: default
2019-01-14 14:56:24.475 logback [restartedMain] INFO  o.s.c.s.PostProcessorRegistrationDelegate$BeanPostProcessorChecker - Bean 'org.springframework.transaction.annotation.ProxyTransactionManagementConfiguration' of type [org.springframework.transaction.annotation.ProxyTransactionManagementConfiguration$$EnhancerBySpringCGLIB$$3c6f7a5b] is not eligible for getting processed by all BeanPostProcessors (for example: not eligible for auto-proxying)
2019-01-14 14:56:24.892 logback [restartedMain] INFO  o.s.b.w.e.tomcat.TomcatWebServer - Tomcat initialized with port(s): 8081 (http)
2019-01-14 14:56:24.893 logback [restartedMain] INFO  o.a.coyote.http11.Http11NioProtocol - Initializing ProtocolHandler ["http-nio-8081"]
2019-01-14 14:56:24.894 logback [restartedMain] INFO  o.a.catalina.core.StandardService - Starting service [Tomcat]
2019-01-14 14:56:24.895 logback [restartedMain] INFO  o.a.catalina.core.StandardEngine - Starting Servlet Engine: Apache Tomcat/9.0.13
2019-01-14 14:56:24.972 logback [restartedMain] INFO  o.a.c.c.C.[Tomcat].[localhost].[/] - Initializing Spring embedded WebApplicationContext
2019-01-14 14:56:24.973 logback [restartedMain] INFO  o.s.web.context.ContextLoader - Root WebApplicationContext: initialization completed in 2765 ms
2019-01-14 14:56:25.218 logback [restartedMain] INFO  o.f.s.b.ProcessEngineAutoConfiguration$$EnhancerBySpringCGLIB$$42e3b7ad - No deployment resources were found for autodeployment
2019-01-14 14:56:25.234 logback [restartedMain] INFO  o.s.s.c.ThreadPoolTaskExecutor - Initializing ExecutorService 'applicationTaskExecutor'
2019-01-14 14:56:25.278 logback [restartedMain] INFO  o.f.c.e.i.AbstractEngineConfiguration - Found 1 Engine Configurators in total:
2019-01-14 14:56:25.278 logback [restartedMain] INFO  o.f.c.e.i.AbstractEngineConfiguration - class org.flowable.idm.engine.configurator.IdmEngineConfigurator (priority:100000)
2019-01-14 14:56:25.279 logback [restartedMain] INFO  o.f.c.e.i.AbstractEngineConfiguration - Executing beforeInit() of class org.flowable.idm.engine.configurator.IdmEngineConfigurator (priority:100000)
2019-01-14 14:56:25.283 logback [restartedMain] INFO  com.zaxxer.hikari.HikariDataSource - HikariPool-3 - Starting...
2019-01-14 14:56:25.290 logback [restartedMain] INFO  com.zaxxer.hikari.HikariDataSource - HikariPool-3 - Start completed.
2019-01-14 14:56:25.949 logback [restartedMain] INFO  o.f.c.e.i.AbstractEngineConfiguration - Executing configure() of class org.flowable.idm.engine.configurator.IdmEngineConfigurator (priority:100000)
2019-01-14 14:56:25.966 logback [restartedMain] INFO  o.f.idm.engine.impl.IdmEngineImpl - IdmEngine default created
2019-01-14 14:56:26.010 logback [restartedMain] INFO  o.f.engine.impl.ProcessEngineImpl - ProcessEngine default created
2019-01-14 14:56:26.015 logback [restartedMain] INFO  o.f.e.impl.cmd.ValidateV5EntitiesCmd - Total of v5 deployments found: 0
2019-01-14 14:56:26.784 logback [restartedMain] INFO  o.s.b.a.e.web.EndpointLinksResolver - Exposing 2 endpoint(s) beneath base path '/actuator'
2019-01-14 14:56:26.853 logback [restartedMain] INFO  s.d.s.w.PropertySourcedRequestMappingHandlerMapping - Mapped URL path [/v2/api-docs] onto method [public org.springframework.http.ResponseEntity<springfox.documentation.spring.web.json.Json> springfox.documentation.swagger2.web.Swagger2Controller.getDocumentation(java.lang.String,javax.servlet.http.HttpServletRequest)]
2019-01-14 14:56:27.041 logback [restartedMain] INFO  o.s.b.d.a.OptionalLiveReloadServer - LiveReload server is running on port 35729
2019-01-14 14:56:27.176 logback [restartedMain] WARN  o.s.b.a.t.ThymeleafAutoConfiguration$DefaultTemplateResolverConfiguration - Cannot find template location: classpath:/templates/ (please add some templates or check your Thymeleaf configuration)
2019-01-14 14:56:27.394 logback [restartedMain] WARN  o.s.b.a.f.FreeMarkerAutoConfiguration - Cannot find template location(s): [classpath:/templates/] (please add some templates, check your FreeMarker configuration, or set spring.freemarker.checkTemplateLocation=false)
2019-01-14 14:56:27.606 logback [restartedMain] INFO  s.d.s.w.p.DocumentationPluginsBootstrapper - Context refreshed
2019-01-14 14:56:27.622 logback [restartedMain] INFO  s.d.s.w.p.DocumentationPluginsBootstrapper - Found 1 custom documentation plugin(s)
2019-01-14 14:56:27.651 logback [restartedMain] INFO  s.d.s.w.s.ApiListingReferenceScanner - Scanning for api listing references
2019-01-14 14:56:27.810 logback [restartedMain] INFO  o.a.coyote.http11.Http11NioProtocol - Starting ProtocolHandler ["http-nio-8081"]
2019-01-14 14:56:27.813 logback [restartedMain] INFO  o.a.tomcat.util.net.NioSelectorPool - Using a shared selector for servlet write/read
2019-01-14 14:56:27.820 logback [restartedMain] INFO  o.s.b.w.e.tomcat.TomcatWebServer - Tomcat started on port(s): 8081 (http) with context path ''
2019-01-14 14:56:27.821 logback [restartedMain] INFO  c.e.f.FlowableactivityApplication - Started FlowableactivityApplication in 5.727 seconds (JVM running for 3981.376)
2019-01-14 14:56:27.843 logback [restartedMain] INFO  o.s.b.d.a.ConditionEvaluationDeltaLoggingListener - Condition evaluation unchanged
2019-01-14 14:56:29.484 logback [Thread-55] INFO  o.s.s.c.ThreadPoolTaskExecutor - Shutting down ExecutorService 'applicationTaskExecutor'
2019-01-14 14:56:29.486 logback [Thread-55] INFO  com.zaxxer.hikari.HikariDataSource - HikariPool-3 - Shutdown initiated...
2019-01-14 14:56:29.498 logback [Thread-55] INFO  com.zaxxer.hikari.HikariDataSource - HikariPool-3 - Shutdown completed.
2019-01-14 14:56:30.222 logback [restartedMain] INFO  c.e.f.FlowableactivityApplication - Starting FlowableactivityApplication on DESKTOP-UQ7FIHQ with PID 11528 (D:\gongzuoxiangmu\flowable\flowableactivity\target\classes started by TUSHIXIAN in D:\gongzuoxiangmu\flowable\flowableactivity)
2019-01-14 14:56:30.223 logback [restartedMain] INFO  c.e.f.FlowableactivityApplication - No active profile set, falling back to default profiles: default
2019-01-14 14:56:32.178 logback [restartedMain] INFO  o.s.c.s.PostProcessorRegistrationDelegate$BeanPostProcessorChecker - Bean 'org.springframework.transaction.annotation.ProxyTransactionManagementConfiguration' of type [org.springframework.transaction.annotation.ProxyTransactionManagementConfiguration$$EnhancerBySpringCGLIB$$3c6f7a5b] is not eligible for getting processed by all BeanPostProcessors (for example: not eligible for auto-proxying)
2019-01-14 14:56:32.509 logback [restartedMain] INFO  o.s.b.w.e.tomcat.TomcatWebServer - Tomcat initialized with port(s): 8081 (http)
2019-01-14 14:56:32.510 logback [restartedMain] INFO  o.a.coyote.http11.Http11NioProtocol - Initializing ProtocolHandler ["http-nio-8081"]
2019-01-14 14:56:32.511 logback [restartedMain] INFO  o.a.catalina.core.StandardService - Starting service [Tomcat]
2019-01-14 14:56:32.511 logback [restartedMain] INFO  o.a.catalina.core.StandardEngine - Starting Servlet Engine: Apache Tomcat/9.0.13
2019-01-14 14:56:32.570 logback [restartedMain] INFO  o.a.c.c.C.[Tomcat].[localhost].[/] - Initializing Spring embedded WebApplicationContext
2019-01-14 14:56:32.571 logback [restartedMain] INFO  o.s.web.context.ContextLoader - Root WebApplicationContext: initialization completed in 2341 ms
2019-01-14 14:56:32.696 logback [restartedMain] INFO  o.f.s.b.ProcessEngineAutoConfiguration$$EnhancerBySpringCGLIB$$42e3b7ad - No deployment resources were found for autodeployment
2019-01-14 14:56:32.708 logback [restartedMain] INFO  o.s.s.c.ThreadPoolTaskExecutor - Initializing ExecutorService 'applicationTaskExecutor'
2019-01-14 14:56:32.744 logback [restartedMain] INFO  o.f.c.e.i.AbstractEngineConfiguration - Found 1 Engine Configurators in total:
2019-01-14 14:56:32.744 logback [restartedMain] INFO  o.f.c.e.i.AbstractEngineConfiguration - class org.flowable.idm.engine.configurator.IdmEngineConfigurator (priority:100000)
2019-01-14 14:56:32.744 logback [restartedMain] INFO  o.f.c.e.i.AbstractEngineConfiguration - Executing beforeInit() of class org.flowable.idm.engine.configurator.IdmEngineConfigurator (priority:100000)
2019-01-14 14:56:32.748 logback [restartedMain] INFO  com.zaxxer.hikari.HikariDataSource - HikariPool-4 - Starting...
2019-01-14 14:56:32.757 logback [restartedMain] INFO  com.zaxxer.hikari.HikariDataSource - HikariPool-4 - Start completed.
2019-01-14 14:56:33.503 logback [restartedMain] INFO  o.f.c.e.i.AbstractEngineConfiguration - Executing configure() of class org.flowable.idm.engine.configurator.IdmEngineConfigurator (priority:100000)
2019-01-14 14:56:33.524 logback [restartedMain] INFO  o.f.idm.engine.impl.IdmEngineImpl - IdmEngine default created
2019-01-14 14:56:33.642 logback [restartedMain] INFO  o.f.engine.impl.ProcessEngineImpl - ProcessEngine default created
2019-01-14 14:56:33.649 logback [restartedMain] INFO  o.f.e.impl.cmd.ValidateV5EntitiesCmd - Total of v5 deployments found: 0
2019-01-14 14:56:34.310 logback [restartedMain] INFO  o.s.b.a.e.web.EndpointLinksResolver - Exposing 2 endpoint(s) beneath base path '/actuator'
2019-01-14 14:56:34.373 logback [restartedMain] INFO  s.d.s.w.PropertySourcedRequestMappingHandlerMapping - Mapped URL path [/v2/api-docs] onto method [public org.springframework.http.ResponseEntity<springfox.documentation.spring.web.json.Json> springfox.documentation.swagger2.web.Swagger2Controller.getDocumentation(java.lang.String,javax.servlet.http.HttpServletRequest)]
2019-01-14 14:56:34.507 logback [restartedMain] INFO  o.s.b.d.a.OptionalLiveReloadServer - LiveReload server is running on port 35729
2019-01-14 14:56:34.599 logback [restartedMain] WARN  o.s.b.a.t.ThymeleafAutoConfiguration$DefaultTemplateResolverConfiguration - Cannot find template location: classpath:/templates/ (please add some templates or check your Thymeleaf configuration)
2019-01-14 14:56:34.712 logback [restartedMain] WARN  o.s.b.a.f.FreeMarkerAutoConfiguration - Cannot find template location(s): [classpath:/templates/] (please add some templates, check your FreeMarker configuration, or set spring.freemarker.checkTemplateLocation=false)
2019-01-14 14:56:34.861 logback [restartedMain] INFO  s.d.s.w.p.DocumentationPluginsBootstrapper - Context refreshed
2019-01-14 14:56:34.864 logback [restartedMain] INFO  s.d.s.w.p.DocumentationPluginsBootstrapper - Found 1 custom documentation plugin(s)
2019-01-14 14:56:34.884 logback [restartedMain] INFO  s.d.s.w.s.ApiListingReferenceScanner - Scanning for api listing references
2019-01-14 14:56:35.117 logback [restartedMain] INFO  o.a.coyote.http11.Http11NioProtocol - Starting ProtocolHandler ["http-nio-8081"]
2019-01-14 14:56:35.119 logback [restartedMain] INFO  o.a.tomcat.util.net.NioSelectorPool - Using a shared selector for servlet write/read
2019-01-14 14:56:35.125 logback [restartedMain] INFO  o.s.b.w.e.tomcat.TomcatWebServer - Tomcat started on port(s): 8081 (http) with context path ''
2019-01-14 14:56:35.126 logback [restartedMain] INFO  c.e.f.FlowableactivityApplication - Started FlowableactivityApplication in 4.997 seconds (JVM running for 3988.681)
2019-01-14 14:56:35.131 logback [restartedMain] INFO  o.s.b.d.a.ConditionEvaluationDeltaLoggingListener - Condition evaluation unchanged
2019-01-14 15:00:51.036 logback [Thread-63] INFO  o.s.s.c.ThreadPoolTaskExecutor - Shutting down ExecutorService 'applicationTaskExecutor'
2019-01-14 15:00:51.038 logback [Thread-63] INFO  com.zaxxer.hikari.HikariDataSource - HikariPool-4 - Shutdown initiated...
2019-01-14 15:00:51.227 logback [Thread-63] INFO  com.zaxxer.hikari.HikariDataSource - HikariPool-4 - Shutdown completed.
2019-01-14 15:01:03.659 logback [restartedMain] INFO  c.e.f.FlowableactivityApplication - Starting FlowableactivityApplication on DESKTOP-UQ7FIHQ with PID 11528 (D:\gongzuoxiangmu\flowable\flowableactivity\target\classes started by TUSHIXIAN in D:\gongzuoxiangmu\flowable\flowableactivity)
2019-01-14 15:01:03.660 logback [restartedMain] INFO  c.e.f.FlowableactivityApplication - No active profile set, falling back to default profiles: default
2019-01-14 15:01:07.083 logback [restartedMain] INFO  o.s.c.s.PostProcessorRegistrationDelegate$BeanPostProcessorChecker - Bean 'org.springframework.transaction.annotation.ProxyTransactionManagementConfiguration' of type [org.springframework.transaction.annotation.ProxyTransactionManagementConfiguration$$EnhancerBySpringCGLIB$$3c6f7a5b] is not eligible for getting processed by all BeanPostProcessors (for example: not eligible for auto-proxying)
2019-01-14 15:01:07.750 logback [restartedMain] INFO  o.s.b.w.e.tomcat.TomcatWebServer - Tomcat initialized with port(s): 8081 (http)
2019-01-14 15:01:07.754 logback [restartedMain] INFO  o.a.coyote.http11.Http11NioProtocol - Initializing ProtocolHandler ["http-nio-8081"]
2019-01-14 15:01:07.757 logback [restartedMain] INFO  o.a.catalina.core.StandardService - Starting service [Tomcat]
2019-01-14 15:01:07.758 logback [restartedMain] INFO  o.a.catalina.core.StandardEngine - Starting Servlet Engine: Apache Tomcat/9.0.13
2019-01-14 15:01:07.878 logback [restartedMain] INFO  o.a.c.c.C.[Tomcat].[localhost].[/] - Initializing Spring embedded WebApplicationContext
2019-01-14 15:01:07.879 logback [restartedMain] INFO  o.s.web.context.ContextLoader - Root WebApplicationContext: initialization completed in 4209 ms
2019-01-14 15:01:08.203 logback [restartedMain] INFO  o.f.s.b.ProcessEngineAutoConfiguration$$EnhancerBySpringCGLIB$$42e3b7ad - No deployment resources were found for autodeployment
2019-01-14 15:01:08.232 logback [restartedMain] INFO  o.s.s.c.ThreadPoolTaskExecutor - Initializing ExecutorService 'applicationTaskExecutor'
2019-01-14 15:01:08.347 logback [restartedMain] INFO  o.f.c.e.i.AbstractEngineConfiguration - Found 1 Engine Configurators in total:
2019-01-14 15:01:08.356 logback [restartedMain] INFO  o.f.c.e.i.AbstractEngineConfiguration - class org.flowable.idm.engine.configurator.IdmEngineConfigurator (priority:100000)
2019-01-14 15:01:08.357 logback [restartedMain] INFO  o.f.c.e.i.AbstractEngineConfiguration - Executing beforeInit() of class org.flowable.idm.engine.configurator.IdmEngineConfigurator (priority:100000)
2019-01-14 15:01:08.363 logback [restartedMain] INFO  com.zaxxer.hikari.HikariDataSource - HikariPool-5 - Starting...
2019-01-14 15:01:08.373 logback [restartedMain] INFO  com.zaxxer.hikari.HikariDataSource - HikariPool-5 - Start completed.
2019-01-14 15:01:09.272 logback [restartedMain] INFO  o.f.c.e.i.AbstractEngineConfiguration - Executing configure() of class org.flowable.idm.engine.configurator.IdmEngineConfigurator (priority:100000)
2019-01-14 15:01:09.292 logback [restartedMain] INFO  o.f.idm.engine.impl.IdmEngineImpl - IdmEngine default created
2019-01-14 15:01:09.356 logback [restartedMain] INFO  o.f.engine.impl.ProcessEngineImpl - ProcessEngine default created
2019-01-14 15:01:09.362 logback [restartedMain] INFO  o.f.e.impl.cmd.ValidateV5EntitiesCmd - Total of v5 deployments found: 0
2019-01-14 15:01:10.103 logback [restartedMain] INFO  o.s.b.a.e.web.EndpointLinksResolver - Exposing 2 endpoint(s) beneath base path '/actuator'
2019-01-14 15:01:10.172 logback [restartedMain] INFO  s.d.s.w.PropertySourcedRequestMappingHandlerMapping - Mapped URL path [/v2/api-docs] onto method [public org.springframework.http.ResponseEntity<springfox.documentation.spring.web.json.Json> springfox.documentation.swagger2.web.Swagger2Controller.getDocumentation(java.lang.String,javax.servlet.http.HttpServletRequest)]
2019-01-14 15:01:10.363 logback [restartedMain] INFO  o.s.b.d.a.OptionalLiveReloadServer - LiveReload server is running on port 35729
2019-01-14 15:01:10.442 logback [restartedMain] WARN  o.s.b.a.t.ThymeleafAutoConfiguration$DefaultTemplateResolverConfiguration - Cannot find template location: classpath:/templates/ (please add some templates or check your Thymeleaf configuration)
2019-01-14 15:01:10.942 logback [restartedMain] WARN  o.s.b.a.f.FreeMarkerAutoConfiguration - Cannot find template location(s): [classpath:/templates/] (please add some templates, check your FreeMarker configuration, or set spring.freemarker.checkTemplateLocation=false)
2019-01-14 15:01:11.123 logback [restartedMain] INFO  s.d.s.w.p.DocumentationPluginsBootstrapper - Context refreshed
2019-01-14 15:01:11.125 logback [restartedMain] INFO  s.d.s.w.p.DocumentationPluginsBootstrapper - Found 1 custom documentation plugin(s)
2019-01-14 15:01:11.142 logback [restartedMain] INFO  s.d.s.w.s.ApiListingReferenceScanner - Scanning for api listing references
2019-01-14 15:01:11.399 logback [restartedMain] INFO  o.a.coyote.http11.Http11NioProtocol - Starting ProtocolHandler ["http-nio-8081"]
2019-01-14 15:01:11.402 logback [restartedMain] INFO  o.a.tomcat.util.net.NioSelectorPool - Using a shared selector for servlet write/read
2019-01-14 15:01:11.407 logback [restartedMain] INFO  o.s.b.w.e.tomcat.TomcatWebServer - Tomcat started on port(s): 8081 (http) with context path ''
2019-01-14 15:01:11.409 logback [restartedMain] INFO  c.e.f.FlowableactivityApplication - Started FlowableactivityApplication in 9.271 seconds (JVM running for 4264.964)
2019-01-14 15:01:11.421 logback [restartedMain] INFO  o.s.b.d.a.ConditionEvaluationDeltaLoggingListener - Condition evaluation unchanged
2019-01-14 15:03:27.385 logback [Thread-71] INFO  o.s.s.c.ThreadPoolTaskExecutor - Shutting down ExecutorService 'applicationTaskExecutor'
2019-01-14 15:03:27.387 logback [Thread-71] INFO  com.zaxxer.hikari.HikariDataSource - HikariPool-5 - Shutdown initiated...
2019-01-14 15:03:27.398 logback [Thread-71] INFO  com.zaxxer.hikari.HikariDataSource - HikariPool-5 - Shutdown completed.
2019-01-14 15:03:28.407 logback [restartedMain] INFO  c.e.f.FlowableactivityApplication - Starting FlowableactivityApplication on DESKTOP-UQ7FIHQ with PID 11528 (D:\gongzuoxiangmu\flowable\flowableactivity\target\classes started by TUSHIXIAN in D:\gongzuoxiangmu\flowable\flowableactivity)
2019-01-14 15:03:28.409 logback [restartedMain] INFO  c.e.f.FlowableactivityApplication - No active profile set, falling back to default profiles: default
2019-01-14 15:03:30.110 logback [restartedMain] INFO  o.s.c.s.PostProcessorRegistrationDelegate$BeanPostProcessorChecker - Bean 'org.springframework.transaction.annotation.ProxyTransactionManagementConfiguration' of type [org.springframework.transaction.annotation.ProxyTransactionManagementConfiguration$$EnhancerBySpringCGLIB$$3c6f7a5b] is not eligible for getting processed by all BeanPostProcessors (for example: not eligible for auto-proxying)
2019-01-14 15:03:30.483 logback [restartedMain] INFO  o.s.b.w.e.tomcat.TomcatWebServer - Tomcat initialized with port(s): 8081 (http)
2019-01-14 15:03:30.485 logback [restartedMain] INFO  o.a.coyote.http11.Http11NioProtocol - Initializing ProtocolHandler ["http-nio-8081"]
2019-01-14 15:03:30.485 logback [restartedMain] INFO  o.a.catalina.core.StandardService - Starting service [Tomcat]
2019-01-14 15:03:30.486 logback [restartedMain] INFO  o.a.catalina.core.StandardEngine - Starting Servlet Engine: Apache Tomcat/9.0.13
2019-01-14 15:03:30.724 logback [restartedMain] INFO  o.a.c.c.C.[Tomcat].[localhost].[/] - Initializing Spring embedded WebApplicationContext
2019-01-14 15:03:30.725 logback [restartedMain] INFO  o.s.web.context.ContextLoader - Root WebApplicationContext: initialization completed in 2308 ms
2019-01-14 15:03:31.033 logback [restartedMain] INFO  o.f.s.b.ProcessEngineAutoConfiguration$$EnhancerBySpringCGLIB$$42e3b7ad - No deployment resources were found for autodeployment
2019-01-14 15:03:31.063 logback [restartedMain] INFO  o.s.s.c.ThreadPoolTaskExecutor - Initializing ExecutorService 'applicationTaskExecutor'
2019-01-14 15:03:31.119 logback [restartedMain] INFO  o.f.c.e.i.AbstractEngineConfiguration - Found 1 Engine Configurators in total:
2019-01-14 15:03:31.119 logback [restartedMain] INFO  o.f.c.e.i.AbstractEngineConfiguration - class org.flowable.idm.engine.configurator.IdmEngineConfigurator (priority:100000)
2019-01-14 15:03:31.120 logback [restartedMain] INFO  o.f.c.e.i.AbstractEngineConfiguration - Executing beforeInit() of class org.flowable.idm.engine.configurator.IdmEngineConfigurator (priority:100000)
2019-01-14 15:03:31.124 logback [restartedMain] INFO  com.zaxxer.hikari.HikariDataSource - HikariPool-6 - Starting...
2019-01-14 15:03:31.130 logback [restartedMain] INFO  com.zaxxer.hikari.HikariDataSource - HikariPool-6 - Start completed.
2019-01-14 15:03:31.704 logback [restartedMain] INFO  o.f.c.e.i.AbstractEngineConfiguration - Executing configure() of class org.flowable.idm.engine.configurator.IdmEngineConfigurator (priority:100000)
2019-01-14 15:03:31.735 logback [restartedMain] INFO  o.f.idm.engine.impl.IdmEngineImpl - IdmEngine default created
2019-01-14 15:03:31.778 logback [restartedMain] INFO  o.f.engine.impl.ProcessEngineImpl - ProcessEngine default created
2019-01-14 15:03:31.782 logback [restartedMain] INFO  o.f.e.impl.cmd.ValidateV5EntitiesCmd - Total of v5 deployments found: 0
2019-01-14 15:03:32.155 logback [restartedMain] INFO  o.s.b.a.e.web.EndpointLinksResolver - Exposing 2 endpoint(s) beneath base path '/actuator'
2019-01-14 15:03:32.195 logback [restartedMain] INFO  s.d.s.w.PropertySourcedRequestMappingHandlerMapping - Mapped URL path [/v2/api-docs] onto method [public org.springframework.http.ResponseEntity<springfox.documentation.spring.web.json.Json> springfox.documentation.swagger2.web.Swagger2Controller.getDocumentation(java.lang.String,javax.servlet.http.HttpServletRequest)]
2019-01-14 15:03:32.283 logback [restartedMain] INFO  o.s.b.d.a.OptionalLiveReloadServer - LiveReload server is running on port 35729
2019-01-14 15:03:32.339 logback [restartedMain] WARN  o.s.b.a.t.ThymeleafAutoConfiguration$DefaultTemplateResolverConfiguration - Cannot find template location: classpath:/templates/ (please add some templates or check your Thymeleaf configuration)
2019-01-14 15:03:32.426 logback [restartedMain] WARN  o.s.b.a.f.FreeMarkerAutoConfiguration - Cannot find template location(s): [classpath:/templates/] (please add some templates, check your FreeMarker configuration, or set spring.freemarker.checkTemplateLocation=false)
2019-01-14 15:03:32.516 logback [restartedMain] INFO  s.d.s.w.p.DocumentationPluginsBootstrapper - Context refreshed
2019-01-14 15:03:32.517 logback [restartedMain] INFO  s.d.s.w.p.DocumentationPluginsBootstrapper - Found 1 custom documentation plugin(s)
2019-01-14 15:03:32.529 logback [restartedMain] INFO  s.d.s.w.s.ApiListingReferenceScanner - Scanning for api listing references
2019-01-14 15:03:32.628 logback [restartedMain] INFO  o.a.coyote.http11.Http11NioProtocol - Starting ProtocolHandler ["http-nio-8081"]
2019-01-14 15:03:32.630 logback [restartedMain] INFO  o.a.tomcat.util.net.NioSelectorPool - Using a shared selector for servlet write/read
2019-01-14 15:03:32.635 logback [restartedMain] INFO  o.s.b.w.e.tomcat.TomcatWebServer - Tomcat started on port(s): 8081 (http) with context path ''
2019-01-14 15:03:32.636 logback [restartedMain] INFO  c.e.f.FlowableactivityApplication - Started FlowableactivityApplication in 4.337 seconds (JVM running for 4406.191)
2019-01-14 15:03:32.640 logback [restartedMain] INFO  o.s.b.d.a.ConditionEvaluationDeltaLoggingListener - Condition evaluation unchanged
2019-01-14 15:24:19.097 logback [Thread-79] INFO  o.s.s.c.ThreadPoolTaskExecutor - Shutting down ExecutorService 'applicationTaskExecutor'
2019-01-14 15:24:19.103 logback [Thread-79] INFO  com.zaxxer.hikari.HikariDataSource - HikariPool-6 - Shutdown initiated...
2019-01-14 15:24:19.119 logback [Thread-79] INFO  com.zaxxer.hikari.HikariDataSource - HikariPool-6 - Shutdown completed.
2019-01-14 15:24:20.245 logback [restartedMain] INFO  c.e.f.FlowableactivityApplication - Starting FlowableactivityApplication on DESKTOP-UQ7FIHQ with PID 11528 (D:\gongzuoxiangmu\flowable\flowableactivity\target\classes started by TUSHIXIAN in D:\gongzuoxiangmu\flowable\flowableactivity)
2019-01-14 15:24:20.245 logback [restartedMain] INFO  c.e.f.FlowableactivityApplication - No active profile set, falling back to default profiles: default
2019-01-14 15:24:27.200 logback [restartedMain] INFO  o.s.c.s.PostProcessorRegistrationDelegate$BeanPostProcessorChecker - Bean 'org.springframework.transaction.annotation.ProxyTransactionManagementConfiguration' of type [org.springframework.transaction.annotation.ProxyTransactionManagementConfiguration$$EnhancerBySpringCGLIB$$3c6f7a5b] is not eligible for getting processed by all BeanPostProcessors (for example: not eligible for auto-proxying)
2019-01-14 15:24:27.701 logback [restartedMain] INFO  o.s.b.w.e.tomcat.TomcatWebServer - Tomcat initialized with port(s): 8081 (http)
2019-01-14 15:24:27.704 logback [restartedMain] INFO  o.a.coyote.http11.Http11NioProtocol - Initializing ProtocolHandler ["http-nio-8081"]
2019-01-14 15:24:27.705 logback [restartedMain] INFO  o.a.catalina.core.StandardService - Starting service [Tomcat]
2019-01-14 15:24:27.705 logback [restartedMain] INFO  o.a.catalina.core.StandardEngine - Starting Servlet Engine: Apache Tomcat/9.0.13
2019-01-14 15:24:27.793 logback [restartedMain] INFO  o.a.c.c.C.[Tomcat].[localhost].[/] - Initializing Spring embedded WebApplicationContext
2019-01-14 15:24:27.794 logback [restartedMain] INFO  o.s.web.context.ContextLoader - Root WebApplicationContext: initialization completed in 7544 ms
2019-01-14 15:24:27.989 logback [restartedMain] INFO  o.f.s.b.ProcessEngineAutoConfiguration$$EnhancerBySpringCGLIB$$42e3b7ad - No deployment resources were found for autodeployment
2019-01-14 15:24:28.010 logback [restartedMain] INFO  o.s.s.c.ThreadPoolTaskExecutor - Initializing ExecutorService 'applicationTaskExecutor'
2019-01-14 15:24:28.143 logback [restartedMain] INFO  o.f.c.e.i.AbstractEngineConfiguration - Found 1 Engine Configurators in total:
2019-01-14 15:24:28.151 logback [restartedMain] INFO  o.f.c.e.i.AbstractEngineConfiguration - class org.flowable.idm.engine.configurator.IdmEngineConfigurator (priority:100000)
2019-01-14 15:24:28.154 logback [restartedMain] INFO  o.f.c.e.i.AbstractEngineConfiguration - Executing beforeInit() of class org.flowable.idm.engine.configurator.IdmEngineConfigurator (priority:100000)
2019-01-14 15:24:28.171 logback [restartedMain] INFO  com.zaxxer.hikari.HikariDataSource - HikariPool-7 - Starting...
2019-01-14 15:24:28.190 logback [restartedMain] INFO  com.zaxxer.hikari.HikariDataSource - HikariPool-7 - Start completed.
2019-01-14 15:24:30.643 logback [restartedMain] INFO  o.f.c.e.i.AbstractEngineConfiguration - Executing configure() of class org.flowable.idm.engine.configurator.IdmEngineConfigurator (priority:100000)
2019-01-14 15:24:30.667 logback [restartedMain] INFO  o.f.idm.engine.impl.IdmEngineImpl - IdmEngine default created
2019-01-14 15:24:30.765 logback [restartedMain] INFO  o.f.engine.impl.ProcessEngineImpl - ProcessEngine default created
2019-01-14 15:24:30.774 logback [restartedMain] INFO  o.f.e.impl.cmd.ValidateV5EntitiesCmd - Total of v5 deployments found: 0
2019-01-14 15:24:31.461 logback [restartedMain] INFO  o.s.b.a.e.web.EndpointLinksResolver - Exposing 2 endpoint(s) beneath base path '/actuator'
2019-01-14 15:24:31.685 logback [restartedMain] INFO  s.d.s.w.PropertySourcedRequestMappingHandlerMapping - Mapped URL path [/v2/api-docs] onto method [public org.springframework.http.ResponseEntity<springfox.documentation.spring.web.json.Json> springfox.documentation.swagger2.web.Swagger2Controller.getDocumentation(java.lang.String,javax.servlet.http.HttpServletRequest)]
2019-01-14 15:24:31.954 logback [restartedMain] INFO  o.s.b.d.a.OptionalLiveReloadServer - LiveReload server is running on port 35729
2019-01-14 15:24:32.024 logback [restartedMain] WARN  o.s.b.a.t.ThymeleafAutoConfiguration$DefaultTemplateResolverConfiguration - Cannot find template location: classpath:/templates/ (please add some templates or check your Thymeleaf configuration)
2019-01-14 15:24:32.139 logback [restartedMain] WARN  o.s.b.a.f.FreeMarkerAutoConfiguration - Cannot find template location(s): [classpath:/templates/] (please add some templates, check your FreeMarker configuration, or set spring.freemarker.checkTemplateLocation=false)
2019-01-14 15:24:32.242 logback [restartedMain] INFO  s.d.s.w.p.DocumentationPluginsBootstrapper - Context refreshed
2019-01-14 15:24:32.243 logback [restartedMain] INFO  s.d.s.w.p.DocumentationPluginsBootstrapper - Found 1 custom documentation plugin(s)
2019-01-14 15:24:32.263 logback [restartedMain] INFO  s.d.s.w.s.ApiListingReferenceScanner - Scanning for api listing references
2019-01-14 15:24:32.418 logback [restartedMain] INFO  o.a.coyote.http11.Http11NioProtocol - Starting ProtocolHandler ["http-nio-8081"]
2019-01-14 15:24:32.420 logback [restartedMain] INFO  o.a.tomcat.util.net.NioSelectorPool - Using a shared selector for servlet write/read
2019-01-14 15:24:32.427 logback [restartedMain] INFO  o.s.b.w.e.tomcat.TomcatWebServer - Tomcat started on port(s): 8081 (http) with context path ''
2019-01-14 15:24:32.429 logback [restartedMain] INFO  c.e.f.FlowableactivityApplication - Started FlowableactivityApplication in 12.29 seconds (JVM running for 5665.983)
2019-01-14 15:24:32.435 logback [restartedMain] INFO  o.s.b.d.a.ConditionEvaluationDeltaLoggingListener - Condition evaluation unchanged
2019-01-14 17:42:31.855 logback [Thread-87] INFO  o.s.s.c.ThreadPoolTaskExecutor - Shutting down ExecutorService 'applicationTaskExecutor'
2019-01-14 17:42:31.861 logback [Thread-87] INFO  com.zaxxer.hikari.HikariDataSource - HikariPool-7 - Shutdown initiated...
2019-01-14 17:42:31.870 logback [Thread-87] INFO  com.zaxxer.hikari.HikariDataSource - HikariPool-7 - Shutdown completed.
2019-01-14 17:42:33.241 logback [restartedMain] INFO  c.e.f.FlowableactivityApplication - Starting FlowableactivityApplication on DESKTOP-UQ7FIHQ with PID 11528 (D:\gongzuoxiangmu\flowable\flowableactivity\target\classes started by TUSHIXIAN in D:\gongzuoxiangmu\flowable\flowableactivity)
2019-01-14 17:42:33.241 logback [restartedMain] INFO  c.e.f.FlowableactivityApplication - No active profile set, falling back to default profiles: default
2019-01-14 17:42:37.929 logback [restartedMain] INFO  o.s.c.s.PostProcessorRegistrationDelegate$BeanPostProcessorChecker - Bean 'org.springframework.transaction.annotation.ProxyTransactionManagementConfiguration' of type [org.springframework.transaction.annotation.ProxyTransactionManagementConfiguration$$EnhancerBySpringCGLIB$$3c6f7a5b] is not eligible for getting processed by all BeanPostProcessors (for example: not eligible for auto-proxying)
2019-01-14 17:42:38.419 logback [restartedMain] INFO  o.s.b.w.e.tomcat.TomcatWebServer - Tomcat initialized with port(s): 8081 (http)
2019-01-14 17:42:38.433 logback [restartedMain] INFO  o.a.coyote.http11.Http11NioProtocol - Initializing ProtocolHandler ["http-nio-8081"]
2019-01-14 17:42:38.434 logback [restartedMain] INFO  o.a.catalina.core.StandardService - Starting service [Tomcat]
2019-01-14 17:42:38.435 logback [restartedMain] INFO  o.a.catalina.core.StandardEngine - Starting Servlet Engine: Apache Tomcat/9.0.13
2019-01-14 17:42:38.564 logback [restartedMain] INFO  o.a.c.c.C.[Tomcat].[localhost].[/] - Initializing Spring embedded WebApplicationContext
2019-01-14 17:42:38.565 logback [restartedMain] INFO  o.s.web.context.ContextLoader - Root WebApplicationContext: initialization completed in 5314 ms
2019-01-14 17:42:39.034 logback [restartedMain] INFO  o.f.s.b.ProcessEngineAutoConfiguration$$EnhancerBySpringCGLIB$$42e3b7ad - No deployment resources were found for autodeployment
2019-01-14 17:42:39.070 logback [restartedMain] INFO  o.s.s.c.ThreadPoolTaskExecutor - Initializing ExecutorService 'applicationTaskExecutor'
2019-01-14 17:42:39.181 logback [restartedMain] INFO  o.f.c.e.i.AbstractEngineConfiguration - Found 1 Engine Configurators in total:
2019-01-14 17:42:39.182 logback [restartedMain] INFO  o.f.c.e.i.AbstractEngineConfiguration - class org.flowable.idm.engine.configurator.IdmEngineConfigurator (priority:100000)
2019-01-14 17:42:39.183 logback [restartedMain] INFO  o.f.c.e.i.AbstractEngineConfiguration - Executing beforeInit() of class org.flowable.idm.engine.configurator.IdmEngineConfigurator (priority:100000)
2019-01-14 17:42:39.190 logback [restartedMain] INFO  com.zaxxer.hikari.HikariDataSource - HikariPool-8 - Starting...
2019-01-14 17:42:39.205 logback [restartedMain] INFO  com.zaxxer.hikari.HikariDataSource - HikariPool-8 - Start completed.
2019-01-14 17:42:40.385 logback [restartedMain] INFO  o.f.c.e.i.AbstractEngineConfiguration - Executing configure() of class org.flowable.idm.engine.configurator.IdmEngineConfigurator (priority:100000)
2019-01-14 17:42:40.405 logback [restartedMain] INFO  o.f.idm.engine.impl.IdmEngineImpl - IdmEngine default created
2019-01-14 17:42:40.464 logback [restartedMain] INFO  o.f.engine.impl.ProcessEngineImpl - ProcessEngine default created
2019-01-14 17:42:40.472 logback [restartedMain] INFO  o.f.e.impl.cmd.ValidateV5EntitiesCmd - Total of v5 deployments found: 0
2019-01-14 17:42:41.416 logback [restartedMain] INFO  o.s.b.a.e.web.EndpointLinksResolver - Exposing 2 endpoint(s) beneath base path '/actuator'
2019-01-14 17:42:41.490 logback [restartedMain] INFO  s.d.s.w.PropertySourcedRequestMappingHandlerMapping - Mapped URL path [/v2/api-docs] onto method [public org.springframework.http.ResponseEntity<springfox.documentation.spring.web.json.Json> springfox.documentation.swagger2.web.Swagger2Controller.getDocumentation(java.lang.String,javax.servlet.http.HttpServletRequest)]
2019-01-14 17:42:41.637 logback [restartedMain] INFO  o.s.b.d.a.OptionalLiveReloadServer - LiveReload server is running on port 35729
2019-01-14 17:42:41.730 logback [restartedMain] WARN  o.s.b.a.t.ThymeleafAutoConfiguration$DefaultTemplateResolverConfiguration - Cannot find template location: classpath:/templates/ (please add some templates or check your Thymeleaf configuration)
2019-01-14 17:42:41.986 logback [restartedMain] WARN  o.s.b.a.f.FreeMarkerAutoConfiguration - Cannot find template location(s): [classpath:/templates/] (please add some templates, check your FreeMarker configuration, or set spring.freemarker.checkTemplateLocation=false)
2019-01-14 17:42:42.138 logback [restartedMain] INFO  s.d.s.w.p.DocumentationPluginsBootstrapper - Context refreshed
2019-01-14 17:42:42.141 logback [restartedMain] INFO  s.d.s.w.p.DocumentationPluginsBootstrapper - Found 1 custom documentation plugin(s)
2019-01-14 17:42:42.160 logback [restartedMain] INFO  s.d.s.w.s.ApiListingReferenceScanner - Scanning for api listing references
2019-01-14 17:42:42.317 logback [restartedMain] INFO  o.a.coyote.http11.Http11NioProtocol - Starting ProtocolHandler ["http-nio-8081"]
2019-01-14 17:42:42.319 logback [restartedMain] INFO  o.a.tomcat.util.net.NioSelectorPool - Using a shared selector for servlet write/read
2019-01-14 17:42:42.325 logback [restartedMain] INFO  o.s.b.w.e.tomcat.TomcatWebServer - Tomcat started on port(s): 8081 (http) with context path ''
2019-01-14 17:42:42.327 logback [restartedMain] INFO  c.e.f.FlowableactivityApplication - Started FlowableactivityApplication in 9.217 seconds (JVM running for 13955.883)
2019-01-14 17:42:42.333 logback [restartedMain] INFO  o.s.b.d.a.ConditionEvaluationDeltaLoggingListener - Condition evaluation unchanged
